<?xml version="1.0" encoding="utf-8"?>
<CoverageSession>
  <Summary numSequencePoints="1518" visitedSequencePoints="100" numBranchPoints="74" visitedBranchPoints="20" sequenceCoverage="6.58" branchCoverage="27.02" maxCyclomaticComplexity="128" minCyclomaticComplexity="128" visitedClasses="7" numClasses="33" visitedMethods="20" numMethods="66" />
  <Modules>
    <Module hash="4F527D7E-CED4-4FB7-A551-E3379DE2331E">
      <ModulePath>PruebasMetricasProject.dll</ModulePath>
      <ModuleTime>2026-05-16T02:29:48</ModuleTime>
      <ModuleName>PruebasMetricasProject</ModuleName>
      <Files>
        <File uid="1" fullPath="D:\Codigos Fuente\SELENIUM\PruebasMetricasProject\Program.cs" />
        <File uid="2" fullPath="D:\Codigos Fuente\SELENIUM\PruebasMetricasProject\Areas\Identity\Pages\Account\Login.cshtml" />
        <File uid="3" fullPath="D:\Codigos Fuente\SELENIUM\PruebasMetricasProject\Areas\Identity\Pages\Account\Register.cshtml" />
        <File uid="4" fullPath="D:\Codigos Fuente\SELENIUM\PruebasMetricasProject\Areas\Identity\Pages\_ViewStart.cshtml" />
        <File uid="5" fullPath="D:\Codigos Fuente\SELENIUM\PruebasMetricasProject\Pages\Error.cshtml.cs" />
        <File uid="6" fullPath="D:\Codigos Fuente\SELENIUM\PruebasMetricasProject\Pages\Index.cshtml.cs" />
        <File uid="7" fullPath="D:\Codigos Fuente\SELENIUM\PruebasMetricasProject\Pages\Privacy.cshtml.cs" />
        <File uid="8" fullPath="D:\Codigos Fuente\SELENIUM\PruebasMetricasProject\Pages\Error.cshtml" />
        <File uid="9" fullPath="D:\Codigos Fuente\SELENIUM\PruebasMetricasProject\Pages\Index.cshtml" />
        <File uid="10" fullPath="D:\Codigos Fuente\SELENIUM\PruebasMetricasProject\Pages\Privacy.cshtml" />
        <File uid="11" fullPath="D:\Codigos Fuente\SELENIUM\PruebasMetricasProject\Pages\_ViewStart.cshtml" />
        <File uid="12" fullPath="D:\Codigos Fuente\SELENIUM\PruebasMetricasProject\Pages\Shared\_LoginPartial.cshtml" />
        <File uid="13" fullPath="D:\Codigos Fuente\SELENIUM\PruebasMetricasProject\Pages\Shared\_Layout.cshtml" />
        <File uid="14" fullPath="D:\Codigos Fuente\SELENIUM\PruebasMetricasProject\Pages\Contactos\Create.cshtml.cs" />
        <File uid="15" fullPath="D:\Codigos Fuente\SELENIUM\PruebasMetricasProject\Models\ApplicationUser.cs" />
        <File uid="16" fullPath="D:\Codigos Fuente\SELENIUM\PruebasMetricasProject\Models\Contacto.cs" />
        <File uid="17" fullPath="D:\Codigos Fuente\SELENIUM\PruebasMetricasProject\Migrations\20260501011653_InitialSQLite.cs" />
        <File uid="18" fullPath="D:\Codigos Fuente\SELENIUM\PruebasMetricasProject\Migrations\20260501011653_InitialSQLite.Designer.cs" />
        <File uid="19" fullPath="D:\Codigos Fuente\SELENIUM\PruebasMetricasProject\Migrations\20260501013552_TablaContactos.cs" />
        <File uid="20" fullPath="D:\Codigos Fuente\SELENIUM\PruebasMetricasProject\Migrations\20260501013552_TablaContactos.Designer.cs" />
        <File uid="21" fullPath="D:\Codigos Fuente\SELENIUM\PruebasMetricasProject\Migrations\20260501015947_AgregarNombreApellidoUsuario.cs" />
        <File uid="22" fullPath="D:\Codigos Fuente\SELENIUM\PruebasMetricasProject\Migrations\20260501015947_AgregarNombreApellidoUsuario.Designer.cs" />
        <File uid="23" fullPath="D:\Codigos Fuente\SELENIUM\PruebasMetricasProject\Migrations\ApplicationDbContextModelSnapshot.cs" />
        <File uid="24" fullPath="D:\Codigos Fuente\SELENIUM\PruebasMetricasProject\Data\ApplicationDbContext.cs" />
        <File uid="25" fullPath="D:\Codigos Fuente\SELENIUM\PruebasMetricasProject\Areas\Identity\Pages\Account\Login.cshtml.cs" />
        <File uid="26" fullPath="D:\Codigos Fuente\SELENIUM\PruebasMetricasProject\Areas\Identity\Pages\Account\Register.cshtml.cs" />
      </Files>
      <Classes>
        <Class>
          <Summary numSequencePoints="26" visitedSequencePoints="0" numBranchPoints="2" visitedBranchPoints="0" sequenceCoverage="0" branchCoverage="0" maxCyclomaticComplexity="2" minCyclomaticComplexity="2" visitedClasses="0" numClasses="1" visitedMethods="0" numMethods="1" />
          <FullName>Program</FullName>
          <Methods>
            <Method cyclomaticComplexity="2" nPathComplexity="2" sequenceCoverage="0" branchCoverage="0" isConstructor="False" isGetter="False" isSetter="False" isStatic="True">
              <Summary numSequencePoints="26" visitedSequencePoints="0" numBranchPoints="2" visitedBranchPoints="0" sequenceCoverage="0" branchCoverage="0" maxCyclomaticComplexity="2" minCyclomaticComplexity="2" visitedClasses="0" numClasses="0" visitedMethods="0" numMethods="1" />
              <MetadataToken />
              <Name>System.Void Program::&lt;Main&gt;$(System.String[])</Name>
              <FileRef uid="1" />
              <SequencePoints>
                <SequencePoint vc="0" uspid="6" ordinal="0" sl="6" sc="1" el="6" ec="2" bec="0" bev="0" fileid="1" />
                <SequencePoint vc="0" uspid="9" ordinal="1" sl="9" sc="1" el="9" ec="2" bec="0" bev="0" fileid="1" />
                <SequencePoint vc="0" uspid="10" ordinal="2" sl="10" sc="1" el="10" ec="2" bec="0" bev="0" fileid="1" />
                <SequencePoint vc="0" uspid="11" ordinal="3" sl="11" sc="1" el="11" ec="2" bec="0" bev="0" fileid="1" />
                <SequencePoint vc="0" uspid="14" ordinal="4" sl="14" sc="1" el="14" ec="2" bec="0" bev="0" fileid="1" />
                <SequencePoint vc="0" uspid="15" ordinal="5" sl="15" sc="1" el="15" ec="2" bec="0" bev="0" fileid="1" />
                <SequencePoint vc="0" uspid="16" ordinal="6" sl="16" sc="1" el="16" ec="2" bec="0" bev="0" fileid="1" />
                <SequencePoint vc="0" uspid="17" ordinal="7" sl="17" sc="1" el="17" ec="2" bec="0" bev="0" fileid="1" />
                <SequencePoint vc="0" uspid="18" ordinal="8" sl="18" sc="1" el="18" ec="2" bec="0" bev="0" fileid="1" />
                <SequencePoint vc="0" uspid="20" ordinal="9" sl="20" sc="1" el="20" ec="2" bec="0" bev="0" fileid="1" />
                <SequencePoint vc="0" uspid="22" ordinal="10" sl="22" sc="1" el="22" ec="2" bec="0" bev="0" fileid="1" />
                <SequencePoint vc="0" uspid="25" ordinal="11" sl="25" sc="1" el="25" ec="2" bec="2" bev="0" fileid="1" />
                <SequencePoint vc="0" uspid="26" ordinal="12" sl="26" sc="1" el="26" ec="2" bec="0" bev="0" fileid="1" />
                <SequencePoint vc="0" uspid="27" ordinal="13" sl="27" sc="1" el="27" ec="2" bec="0" bev="0" fileid="1" />
                <SequencePoint vc="0" uspid="28" ordinal="14" sl="28" sc="1" el="28" ec="2" bec="0" bev="0" fileid="1" />
                <SequencePoint vc="0" uspid="29" ordinal="15" sl="29" sc="1" el="29" ec="2" bec="0" bev="0" fileid="1" />
                <SequencePoint vc="0" uspid="31" ordinal="16" sl="31" sc="1" el="31" ec="2" bec="0" bev="0" fileid="1" />
                <SequencePoint vc="0" uspid="32" ordinal="17" sl="32" sc="1" el="32" ec="2" bec="0" bev="0" fileid="1" />
                <SequencePoint vc="0" uspid="34" ordinal="18" sl="34" sc="1" el="34" ec="2" bec="0" bev="0" fileid="1" />
                <SequencePoint vc="0" uspid="36" ordinal="19" sl="36" sc="1" el="36" ec="2" bec="0" bev="0" fileid="1" />
                <SequencePoint vc="0" uspid="37" ordinal="20" sl="37" sc="1" el="37" ec="2" bec="0" bev="0" fileid="1" />
                <SequencePoint vc="0" uspid="39" ordinal="21" sl="39" sc="1" el="39" ec="2" bec="0" bev="0" fileid="1" />
                <SequencePoint vc="0" uspid="40" ordinal="22" sl="40" sc="1" el="40" ec="2" bec="0" bev="0" fileid="1" />
                <SequencePoint vc="0" uspid="41" ordinal="23" sl="41" sc="1" el="41" ec="2" bec="0" bev="0" fileid="1" />
                <SequencePoint vc="0" uspid="43" ordinal="24" sl="43" sc="1" el="43" ec="2" bec="0" bev="0" fileid="1" />
                <SequencePoint vc="0" uspid="45" ordinal="25" sl="45" sc="1" el="45" ec="2" bec="0" bev="0" fileid="1" />
              </SequencePoints>
              <BranchPoints>
                <BranchPoint vc="0" uspid="25" ordinal="0" path="0" offset="147" offsetend="149" sl="25" fileid="1" />
                <BranchPoint vc="0" uspid="25" ordinal="1" path="1" offset="147" offsetend="170" sl="25" fileid="1" />
              </BranchPoints>
              <MethodPoint vc="0" uspid="0" p8:type="SequencePoint" ordinal="0" offset="0" sc="0" sl="6" ec="1" el="45" bec="0" bev="0" fileid="1" xmlns:p8="xsi" />
            </Method>
          </Methods>
        </Class>
        <Class>
          <Summary numSequencePoints="1" visitedSequencePoints="0" numBranchPoints="2" visitedBranchPoints="0" sequenceCoverage="0" branchCoverage="0" maxCyclomaticComplexity="2" minCyclomaticComplexity="2" visitedClasses="0" numClasses="1" visitedMethods="0" numMethods="1" />
          <FullName>AspNetCoreGeneratedDocument.Areas_Identity_Pages_Account_Login/&lt;ExecuteAsync&gt;d__30</FullName>
          <Methods>
            <Method cyclomaticComplexity="2" nPathComplexity="2" sequenceCoverage="0" branchCoverage="0" isConstructor="False" isGetter="False" isSetter="False" isStatic="True">
              <Summary numSequencePoints="1" visitedSequencePoints="0" numBranchPoints="2" visitedBranchPoints="0" sequenceCoverage="0" branchCoverage="0" maxCyclomaticComplexity="2" minCyclomaticComplexity="2" visitedClasses="0" numClasses="0" visitedMethods="0" numMethods="1" />
              <MetadataToken />
              <Name>System.Void AspNetCoreGeneratedDocument.Areas_Identity_Pages_Account_Login/&lt;ExecuteAsync&gt;d__30::MoveNext()</Name>
              <FileRef uid="2" />
              <SequencePoints>
                <SequencePoint vc="0" uspid="5" ordinal="0" sl="5" sc="1" el="5" ec="2" bec="2" bev="0" fileid="2" />
              </SequencePoints>
              <BranchPoints>
                <BranchPoint vc="0" uspid="5" ordinal="0" path="0" offset="514" offsetend="516" sl="5" fileid="2" />
                <BranchPoint vc="0" uspid="5" ordinal="1" path="1" offset="514" offsetend="627" sl="5" fileid="2" />
              </BranchPoints>
              <MethodPoint vc="0" uspid="0" p8:type="SequencePoint" ordinal="0" offset="0" sc="0" sl="5" ec="1" el="5" bec="0" bev="0" fileid="2" xmlns:p8="xsi" />
            </Method>
          </Methods>
        </Class>
        <Class>
          <Summary numSequencePoints="1" visitedSequencePoints="0" numBranchPoints="4" visitedBranchPoints="0" sequenceCoverage="0" branchCoverage="0" maxCyclomaticComplexity="4" minCyclomaticComplexity="4" visitedClasses="0" numClasses="1" visitedMethods="0" numMethods="1" />
          <FullName>AspNetCoreGeneratedDocument.Areas_Identity_Pages_Account_Register/&lt;ExecuteAsync&gt;d__26</FullName>
          <Methods>
            <Method cyclomaticComplexity="4" nPathComplexity="4" sequenceCoverage="0" branchCoverage="0" isConstructor="False" isGetter="False" isSetter="False" isStatic="True">
              <Summary numSequencePoints="1" visitedSequencePoints="0" numBranchPoints="4" visitedBranchPoints="0" sequenceCoverage="0" branchCoverage="0" maxCyclomaticComplexity="4" minCyclomaticComplexity="4" visitedClasses="0" numClasses="0" visitedMethods="0" numMethods="1" />
              <MetadataToken />
              <Name>System.Void AspNetCoreGeneratedDocument.Areas_Identity_Pages_Account_Register/&lt;ExecuteAsync&gt;d__26::MoveNext()</Name>
              <FileRef uid="3" />
              <SequencePoints>
                <SequencePoint vc="0" uspid="4" ordinal="0" sl="4" sc="1" el="4" ec="2" bec="4" bev="0" fileid="3" />
              </SequencePoints>
              <BranchPoints>
                <BranchPoint vc="0" uspid="4" ordinal="0" path="0" offset="321" offsetend="323" sl="4" fileid="3" />
                <BranchPoint vc="0" uspid="4" ordinal="1" path="1" offset="321" offsetend="356" sl="4" fileid="3" />
                <BranchPoint vc="0" uspid="4" ordinal="2" path="0" offset="704" offsetend="706" sl="4" fileid="3" />
                <BranchPoint vc="0" uspid="4" ordinal="3" path="1" offset="704" offsetend="817" sl="4" fileid="3" />
              </BranchPoints>
              <MethodPoint vc="0" uspid="0" p8:type="SequencePoint" ordinal="0" offset="0" sc="0" sl="4" ec="1" el="4" bec="0" bev="0" fileid="3" xmlns:p8="xsi" />
            </Method>
          </Methods>
        </Class>
        <Class>
          <Summary numSequencePoints="1" visitedSequencePoints="0" numBranchPoints="0" visitedBranchPoints="0" sequenceCoverage="0" branchCoverage="100" maxCyclomaticComplexity="1" minCyclomaticComplexity="1" visitedClasses="0" numClasses="1" visitedMethods="0" numMethods="1" />
          <FullName>AspNetCoreGeneratedDocument.Areas_Identity_Pages__ViewStart/&lt;ExecuteAsync&gt;d__0</FullName>
          <Methods>
            <Method cyclomaticComplexity="1" nPathComplexity="1" sequenceCoverage="0" branchCoverage="100" isConstructor="False" isGetter="False" isSetter="False" isStatic="True">
              <Summary numSequencePoints="1" visitedSequencePoints="0" numBranchPoints="0" visitedBranchPoints="0" sequenceCoverage="0" branchCoverage="100" maxCyclomaticComplexity="1" minCyclomaticComplexity="1" visitedClasses="0" numClasses="0" visitedMethods="0" numMethods="1" />
              <MetadataToken />
              <Name>System.Void AspNetCoreGeneratedDocument.Areas_Identity_Pages__ViewStart/&lt;ExecuteAsync&gt;d__0::MoveNext()</Name>
              <FileRef uid="4" />
              <SequencePoints>
                <SequencePoint vc="0" uspid="2" ordinal="0" sl="2" sc="1" el="2" ec="2" bec="0" bev="0" fileid="4" />
              </SequencePoints>
              <BranchPoints />
              <MethodPoint vc="0" uspid="0" p8:type="SequencePoint" ordinal="0" offset="0" sc="0" sl="2" ec="1" el="2" bec="0" bev="0" fileid="4" xmlns:p8="xsi" />
            </Method>
          </Methods>
        </Class>
        <Class>
          <Summary numSequencePoints="9" visitedSequencePoints="0" numBranchPoints="4" visitedBranchPoints="0" sequenceCoverage="0" branchCoverage="0" maxCyclomaticComplexity="4" minCyclomaticComplexity="1" visitedClasses="0" numClasses="1" visitedMethods="0" numMethods="4" />
          <FullName>PruebasMetricasProject.Pages.ErrorModel</FullName>
          <Methods>
            <Method cyclomaticComplexity="1" nPathComplexity="1" sequenceCoverage="0" branchCoverage="100" isConstructor="False" isGetter="True" isSetter="False" isStatic="True">
              <Summary numSequencePoints="1" visitedSequencePoints="0" numBranchPoints="0" visitedBranchPoints="0" sequenceCoverage="0" branchCoverage="100" maxCyclomaticComplexity="1" minCyclomaticComplexity="1" visitedClasses="0" numClasses="0" visitedMethods="0" numMethods="1" />
              <MetadataToken />
              <Name>System.String PruebasMetricasProject.Pages.ErrorModel::get_RequestId()</Name>
              <FileRef uid="5" />
              <SequencePoints>
                <SequencePoint vc="0" uspid="11" ordinal="0" sl="11" sc="1" el="11" ec="2" bec="0" bev="0" fileid="5" />
              </SequencePoints>
              <BranchPoints />
              <MethodPoint vc="0" uspid="0" p8:type="SequencePoint" ordinal="0" offset="0" sc="0" sl="11" ec="1" el="11" bec="0" bev="0" fileid="5" xmlns:p8="xsi" />
            </Method>
            <Method cyclomaticComplexity="1" nPathComplexity="1" sequenceCoverage="0" branchCoverage="100" isConstructor="False" isGetter="True" isSetter="False" isStatic="True">
              <Summary numSequencePoints="1" visitedSequencePoints="0" numBranchPoints="0" visitedBranchPoints="0" sequenceCoverage="0" branchCoverage="100" maxCyclomaticComplexity="1" minCyclomaticComplexity="1" visitedClasses="0" numClasses="0" visitedMethods="0" numMethods="1" />
              <MetadataToken />
              <Name>System.Boolean PruebasMetricasProject.Pages.ErrorModel::get_ShowRequestId()</Name>
              <FileRef uid="5" />
              <SequencePoints>
                <SequencePoint vc="0" uspid="13" ordinal="0" sl="13" sc="1" el="13" ec="2" bec="0" bev="0" fileid="5" />
              </SequencePoints>
              <BranchPoints />
              <MethodPoint vc="0" uspid="0" p8:type="SequencePoint" ordinal="1" offset="1" sc="0" sl="13" ec="1" el="13" bec="0" bev="0" fileid="5" xmlns:p8="xsi" />
            </Method>
            <Method cyclomaticComplexity="4" nPathComplexity="4" sequenceCoverage="0" branchCoverage="0" isConstructor="False" isGetter="False" isSetter="False" isStatic="True">
              <Summary numSequencePoints="3" visitedSequencePoints="0" numBranchPoints="4" visitedBranchPoints="0" sequenceCoverage="0" branchCoverage="0" maxCyclomaticComplexity="4" minCyclomaticComplexity="4" visitedClasses="0" numClasses="0" visitedMethods="0" numMethods="1" />
              <MetadataToken />
              <Name>System.Void PruebasMetricasProject.Pages.ErrorModel::OnGet()</Name>
              <FileRef uid="5" />
              <SequencePoints>
                <SequencePoint vc="0" uspid="23" ordinal="0" sl="23" sc="1" el="23" ec="2" bec="0" bev="0" fileid="5" />
                <SequencePoint vc="0" uspid="24" ordinal="1" sl="24" sc="1" el="24" ec="2" bec="4" bev="0" fileid="5" />
                <SequencePoint vc="0" uspid="25" ordinal="2" sl="25" sc="1" el="25" ec="2" bec="0" bev="0" fileid="5" />
              </SequencePoints>
              <BranchPoints>
                <BranchPoint vc="0" uspid="24" ordinal="0" path="0" offset="8" offsetend="10" sl="24" fileid="5" />
                <BranchPoint vc="0" uspid="24" ordinal="1" path="1" offset="8" offsetend="14" sl="24" fileid="5" />
                <BranchPoint vc="0" uspid="24" ordinal="2" path="0" offset="20" offsetend="22" sl="24" fileid="5" />
                <BranchPoint vc="0" uspid="24" ordinal="3" path="1" offset="20" offsetend="34" sl="24" fileid="5" />
              </BranchPoints>
              <MethodPoint vc="0" uspid="0" p8:type="SequencePoint" ordinal="2" offset="2" sc="0" sl="23" ec="1" el="25" bec="0" bev="0" fileid="5" xmlns:p8="xsi" />
            </Method>
            <Method cyclomaticComplexity="1" nPathComplexity="1" sequenceCoverage="0" branchCoverage="100" isConstructor="True" isGetter="False" isSetter="False" isStatic="True">
              <Summary numSequencePoints="4" visitedSequencePoints="0" numBranchPoints="0" visitedBranchPoints="0" sequenceCoverage="0" branchCoverage="100" maxCyclomaticComplexity="1" minCyclomaticComplexity="1" visitedClasses="0" numClasses="0" visitedMethods="0" numMethods="1" />
              <MetadataToken />
              <Name>System.Void PruebasMetricasProject.Pages.ErrorModel::.ctor(Microsoft.Extensions.Logging.ILogger`1&lt;PruebasMetricasProject.Pages.ErrorModel&gt;)</Name>
              <FileRef uid="5" />
              <SequencePoints>
                <SequencePoint vc="0" uspid="17" ordinal="0" sl="17" sc="1" el="17" ec="2" bec="0" bev="0" fileid="5" />
                <SequencePoint vc="0" uspid="18" ordinal="1" sl="18" sc="1" el="18" ec="2" bec="0" bev="0" fileid="5" />
                <SequencePoint vc="0" uspid="19" ordinal="2" sl="19" sc="1" el="19" ec="2" bec="0" bev="0" fileid="5" />
                <SequencePoint vc="0" uspid="20" ordinal="3" sl="20" sc="1" el="20" ec="2" bec="0" bev="0" fileid="5" />
              </SequencePoints>
              <BranchPoints />
              <MethodPoint vc="0" uspid="0" p8:type="SequencePoint" ordinal="3" offset="3" sc="0" sl="17" ec="1" el="20" bec="0" bev="0" fileid="5" xmlns:p8="xsi" />
            </Method>
          </Methods>
        </Class>
        <Class>
          <Summary numSequencePoints="6" visitedSequencePoints="0" numBranchPoints="0" visitedBranchPoints="0" sequenceCoverage="0" branchCoverage="100" maxCyclomaticComplexity="1" minCyclomaticComplexity="1" visitedClasses="0" numClasses="1" visitedMethods="0" numMethods="2" />
          <FullName>PruebasMetricasProject.Pages.IndexModel</FullName>
          <Methods>
            <Method cyclomaticComplexity="1" nPathComplexity="1" sequenceCoverage="0" branchCoverage="100" isConstructor="False" isGetter="False" isSetter="False" isStatic="True">
              <Summary numSequencePoints="2" visitedSequencePoints="0" numBranchPoints="0" visitedBranchPoints="0" sequenceCoverage="0" branchCoverage="100" maxCyclomaticComplexity="1" minCyclomaticComplexity="1" visitedClasses="0" numClasses="0" visitedMethods="0" numMethods="1" />
              <MetadataToken />
              <Name>System.Void PruebasMetricasProject.Pages.IndexModel::OnGet()</Name>
              <FileRef uid="6" />
              <SequencePoints>
                <SequencePoint vc="0" uspid="16" ordinal="0" sl="16" sc="1" el="16" ec="2" bec="0" bev="0" fileid="6" />
                <SequencePoint vc="0" uspid="18" ordinal="1" sl="18" sc="1" el="18" ec="2" bec="0" bev="0" fileid="6" />
              </SequencePoints>
              <BranchPoints />
              <MethodPoint vc="0" uspid="0" p8:type="SequencePoint" ordinal="0" offset="0" sc="0" sl="16" ec="1" el="18" bec="0" bev="0" fileid="6" xmlns:p8="xsi" />
            </Method>
            <Method cyclomaticComplexity="1" nPathComplexity="1" sequenceCoverage="0" branchCoverage="100" isConstructor="True" isGetter="False" isSetter="False" isStatic="True">
              <Summary numSequencePoints="4" visitedSequencePoints="0" numBranchPoints="0" visitedBranchPoints="0" sequenceCoverage="0" branchCoverage="100" maxCyclomaticComplexity="1" minCyclomaticComplexity="1" visitedClasses="0" numClasses="0" visitedMethods="0" numMethods="1" />
              <MetadataToken />
              <Name>System.Void PruebasMetricasProject.Pages.IndexModel::.ctor(Microsoft.Extensions.Logging.ILogger`1&lt;PruebasMetricasProject.Pages.IndexModel&gt;)</Name>
              <FileRef uid="6" />
              <SequencePoints>
                <SequencePoint vc="0" uspid="10" ordinal="0" sl="10" sc="1" el="10" ec="2" bec="0" bev="0" fileid="6" />
                <SequencePoint vc="0" uspid="11" ordinal="1" sl="11" sc="1" el="11" ec="2" bec="0" bev="0" fileid="6" />
                <SequencePoint vc="0" uspid="12" ordinal="2" sl="12" sc="1" el="12" ec="2" bec="0" bev="0" fileid="6" />
                <SequencePoint vc="0" uspid="13" ordinal="3" sl="13" sc="1" el="13" ec="2" bec="0" bev="0" fileid="6" />
              </SequencePoints>
              <BranchPoints />
              <MethodPoint vc="0" uspid="0" p8:type="SequencePoint" ordinal="1" offset="1" sc="0" sl="10" ec="1" el="13" bec="0" bev="0" fileid="6" xmlns:p8="xsi" />
            </Method>
          </Methods>
        </Class>
        <Class>
          <Summary numSequencePoints="6" visitedSequencePoints="0" numBranchPoints="0" visitedBranchPoints="0" sequenceCoverage="0" branchCoverage="100" maxCyclomaticComplexity="1" minCyclomaticComplexity="1" visitedClasses="0" numClasses="1" visitedMethods="0" numMethods="2" />
          <FullName>PruebasMetricasProject.Pages.PrivacyModel</FullName>
          <Methods>
            <Method cyclomaticComplexity="1" nPathComplexity="1" sequenceCoverage="0" branchCoverage="100" isConstructor="False" isGetter="False" isSetter="False" isStatic="True">
              <Summary numSequencePoints="2" visitedSequencePoints="0" numBranchPoints="0" visitedBranchPoints="0" sequenceCoverage="0" branchCoverage="100" maxCyclomaticComplexity="1" minCyclomaticComplexity="1" visitedClasses="0" numClasses="0" visitedMethods="0" numMethods="1" />
              <MetadataToken />
              <Name>System.Void PruebasMetricasProject.Pages.PrivacyModel::OnGet()</Name>
              <FileRef uid="7" />
              <SequencePoints>
                <SequencePoint vc="0" uspid="16" ordinal="0" sl="16" sc="1" el="16" ec="2" bec="0" bev="0" fileid="7" />
                <SequencePoint vc="0" uspid="17" ordinal="1" sl="17" sc="1" el="17" ec="2" bec="0" bev="0" fileid="7" />
              </SequencePoints>
              <BranchPoints />
              <MethodPoint vc="0" uspid="0" p8:type="SequencePoint" ordinal="0" offset="0" sc="0" sl="16" ec="1" el="17" bec="0" bev="0" fileid="7" xmlns:p8="xsi" />
            </Method>
            <Method cyclomaticComplexity="1" nPathComplexity="1" sequenceCoverage="0" branchCoverage="100" isConstructor="True" isGetter="False" isSetter="False" isStatic="True">
              <Summary numSequencePoints="4" visitedSequencePoints="0" numBranchPoints="0" visitedBranchPoints="0" sequenceCoverage="0" branchCoverage="100" maxCyclomaticComplexity="1" minCyclomaticComplexity="1" visitedClasses="0" numClasses="0" visitedMethods="0" numMethods="1" />
              <MetadataToken />
              <Name>System.Void PruebasMetricasProject.Pages.PrivacyModel::.ctor(Microsoft.Extensions.Logging.ILogger`1&lt;PruebasMetricasProject.Pages.PrivacyModel&gt;)</Name>
              <FileRef uid="7" />
              <SequencePoints>
                <SequencePoint vc="0" uspid="10" ordinal="0" sl="10" sc="1" el="10" ec="2" bec="0" bev="0" fileid="7" />
                <SequencePoint vc="0" uspid="11" ordinal="1" sl="11" sc="1" el="11" ec="2" bec="0" bev="0" fileid="7" />
                <SequencePoint vc="0" uspid="12" ordinal="2" sl="12" sc="1" el="12" ec="2" bec="0" bev="0" fileid="7" />
                <SequencePoint vc="0" uspid="13" ordinal="3" sl="13" sc="1" el="13" ec="2" bec="0" bev="0" fileid="7" />
              </SequencePoints>
              <BranchPoints />
              <MethodPoint vc="0" uspid="0" p8:type="SequencePoint" ordinal="1" offset="1" sc="0" sl="10" ec="1" el="13" bec="0" bev="0" fileid="7" xmlns:p8="xsi" />
            </Method>
          </Methods>
        </Class>
        <Class>
          <Summary numSequencePoints="4" visitedSequencePoints="0" numBranchPoints="2" visitedBranchPoints="0" sequenceCoverage="0" branchCoverage="0" maxCyclomaticComplexity="2" minCyclomaticComplexity="2" visitedClasses="0" numClasses="1" visitedMethods="0" numMethods="1" />
          <FullName>PruebasMetricasProject.Pages.Pages_Error/&lt;ExecuteAsync&gt;d__0</FullName>
          <Methods>
            <Method cyclomaticComplexity="2" nPathComplexity="2" sequenceCoverage="0" branchCoverage="0" isConstructor="False" isGetter="False" isSetter="False" isStatic="True">
              <Summary numSequencePoints="4" visitedSequencePoints="0" numBranchPoints="2" visitedBranchPoints="0" sequenceCoverage="0" branchCoverage="0" maxCyclomaticComplexity="2" minCyclomaticComplexity="2" visitedClasses="0" numClasses="0" visitedMethods="0" numMethods="1" />
              <MetadataToken />
              <Name>System.Void PruebasMetricasProject.Pages.Pages_Error/&lt;ExecuteAsync&gt;d__0::MoveNext()</Name>
              <FileRef uid="8" />
              <SequencePoints>
                <SequencePoint vc="0" uspid="4" ordinal="0" sl="4" sc="1" el="4" ec="2" bec="0" bev="0" fileid="8" />
                <SequencePoint vc="0" uspid="10" ordinal="1" sl="10" sc="1" el="10" ec="2" bec="2" bev="0" fileid="8" />
                <SequencePoint vc="0" uspid="11" ordinal="2" sl="11" sc="1" el="11" ec="2" bec="0" bev="0" fileid="8" />
                <SequencePoint vc="0" uspid="15" ordinal="3" sl="15" sc="1" el="15" ec="2" bec="0" bev="0" fileid="8" />
              </SequencePoints>
              <BranchPoints>
                <BranchPoint vc="0" uspid="10" ordinal="0" path="0" offset="70" offsetend="72" sl="10" fileid="8" />
                <BranchPoint vc="0" uspid="10" ordinal="1" path="1" offset="70" offsetend="136" sl="10" fileid="8" />
              </BranchPoints>
              <MethodPoint vc="0" uspid="0" p8:type="SequencePoint" ordinal="0" offset="0" sc="0" sl="4" ec="1" el="15" bec="0" bev="0" fileid="8" xmlns:p8="xsi" />
            </Method>
          </Methods>
        </Class>
        <Class>
          <Summary numSequencePoints="1" visitedSequencePoints="0" numBranchPoints="0" visitedBranchPoints="0" sequenceCoverage="0" branchCoverage="100" maxCyclomaticComplexity="1" minCyclomaticComplexity="1" visitedClasses="0" numClasses="1" visitedMethods="0" numMethods="1" />
          <FullName>PruebasMetricasProject.Pages.Pages_Index/&lt;ExecuteAsync&gt;d__0</FullName>
          <Methods>
            <Method cyclomaticComplexity="1" nPathComplexity="1" sequenceCoverage="0" branchCoverage="100" isConstructor="False" isGetter="False" isSetter="False" isStatic="True">
              <Summary numSequencePoints="1" visitedSequencePoints="0" numBranchPoints="0" visitedBranchPoints="0" sequenceCoverage="0" branchCoverage="100" maxCyclomaticComplexity="1" minCyclomaticComplexity="1" visitedClasses="0" numClasses="0" visitedMethods="0" numMethods="1" />
              <MetadataToken />
              <Name>System.Void PruebasMetricasProject.Pages.Pages_Index/&lt;ExecuteAsync&gt;d__0::MoveNext()</Name>
              <FileRef uid="9" />
              <SequencePoints>
                <SequencePoint vc="0" uspid="4" ordinal="0" sl="4" sc="1" el="4" ec="2" bec="0" bev="0" fileid="9" />
              </SequencePoints>
              <BranchPoints />
              <MethodPoint vc="0" uspid="0" p8:type="SequencePoint" ordinal="0" offset="0" sc="0" sl="4" ec="1" el="4" bec="0" bev="0" fileid="9" xmlns:p8="xsi" />
            </Method>
          </Methods>
        </Class>
        <Class>
          <Summary numSequencePoints="1" visitedSequencePoints="0" numBranchPoints="0" visitedBranchPoints="0" sequenceCoverage="0" branchCoverage="100" maxCyclomaticComplexity="1" minCyclomaticComplexity="1" visitedClasses="0" numClasses="1" visitedMethods="0" numMethods="1" />
          <FullName>PruebasMetricasProject.Pages.Pages_Privacy/&lt;ExecuteAsync&gt;d__0</FullName>
          <Methods>
            <Method cyclomaticComplexity="1" nPathComplexity="1" sequenceCoverage="0" branchCoverage="100" isConstructor="False" isGetter="False" isSetter="False" isStatic="True">
              <Summary numSequencePoints="1" visitedSequencePoints="0" numBranchPoints="0" visitedBranchPoints="0" sequenceCoverage="0" branchCoverage="100" maxCyclomaticComplexity="1" minCyclomaticComplexity="1" visitedClasses="0" numClasses="0" visitedMethods="0" numMethods="1" />
              <MetadataToken />
              <Name>System.Void PruebasMetricasProject.Pages.Pages_Privacy/&lt;ExecuteAsync&gt;d__0::MoveNext()</Name>
              <FileRef uid="10" />
              <SequencePoints>
                <SequencePoint vc="0" uspid="4" ordinal="0" sl="4" sc="1" el="4" ec="2" bec="0" bev="0" fileid="10" />
              </SequencePoints>
              <BranchPoints />
              <MethodPoint vc="0" uspid="0" p8:type="SequencePoint" ordinal="0" offset="0" sc="0" sl="4" ec="1" el="4" bec="0" bev="0" fileid="10" xmlns:p8="xsi" />
            </Method>
          </Methods>
        </Class>
        <Class>
          <Summary numSequencePoints="1" visitedSequencePoints="0" numBranchPoints="0" visitedBranchPoints="0" sequenceCoverage="0" branchCoverage="100" maxCyclomaticComplexity="1" minCyclomaticComplexity="1" visitedClasses="0" numClasses="1" visitedMethods="0" numMethods="1" />
          <FullName>PruebasMetricasProject.Pages.Pages__ViewStart/&lt;ExecuteAsync&gt;d__0</FullName>
          <Methods>
            <Method cyclomaticComplexity="1" nPathComplexity="1" sequenceCoverage="0" branchCoverage="100" isConstructor="False" isGetter="False" isSetter="False" isStatic="True">
              <Summary numSequencePoints="1" visitedSequencePoints="0" numBranchPoints="0" visitedBranchPoints="0" sequenceCoverage="0" branchCoverage="100" maxCyclomaticComplexity="1" minCyclomaticComplexity="1" visitedClasses="0" numClasses="0" visitedMethods="0" numMethods="1" />
              <MetadataToken />
              <Name>System.Void PruebasMetricasProject.Pages.Pages__ViewStart/&lt;ExecuteAsync&gt;d__0::MoveNext()</Name>
              <FileRef uid="11" />
              <SequencePoints>
                <SequencePoint vc="0" uspid="2" ordinal="0" sl="2" sc="1" el="2" ec="2" bec="0" bev="0" fileid="11" />
              </SequencePoints>
              <BranchPoints />
              <MethodPoint vc="0" uspid="0" p8:type="SequencePoint" ordinal="0" offset="0" sc="0" sl="2" ec="1" el="2" bec="0" bev="0" fileid="11" xmlns:p8="xsi" />
            </Method>
          </Methods>
        </Class>
        <Class>
          <Summary numSequencePoints="5" visitedSequencePoints="0" numBranchPoints="12" visitedBranchPoints="0" sequenceCoverage="0" branchCoverage="0" maxCyclomaticComplexity="12" minCyclomaticComplexity="12" visitedClasses="0" numClasses="1" visitedMethods="0" numMethods="1" />
          <FullName>PruebasMetricasProject.Pages.Shared.Pages_Shared__LoginPartial/&lt;ExecuteAsync&gt;d__17</FullName>
          <Methods>
            <Method cyclomaticComplexity="12" nPathComplexity="12" sequenceCoverage="0" branchCoverage="0" isConstructor="False" isGetter="False" isSetter="False" isStatic="True">
              <Summary numSequencePoints="5" visitedSequencePoints="0" numBranchPoints="12" visitedBranchPoints="0" sequenceCoverage="0" branchCoverage="0" maxCyclomaticComplexity="12" minCyclomaticComplexity="12" visitedClasses="0" numClasses="0" visitedMethods="0" numMethods="1" />
              <MetadataToken />
              <Name>System.Void PruebasMetricasProject.Pages.Shared.Pages_Shared__LoginPartial/&lt;ExecuteAsync&gt;d__17::MoveNext()</Name>
              <FileRef uid="12" />
              <SequencePoints>
                <SequencePoint vc="0" uspid="7" ordinal="0" sl="7" sc="1" el="7" ec="2" bec="2" bev="0" fileid="12" />
                <SequencePoint vc="0" uspid="8" ordinal="1" sl="8" sc="1" el="8" ec="2" bec="6" bev="0" fileid="12" />
                <SequencePoint vc="0" uspid="17" ordinal="2" sl="17" sc="1" el="17" ec="2" bec="0" bev="0" fileid="12" />
                <SequencePoint vc="0" uspid="19" ordinal="3" sl="19" sc="1" el="19" ec="2" bec="4" bev="0" fileid="12" />
                <SequencePoint vc="0" uspid="26" ordinal="4" sl="26" sc="1" el="26" ec="2" bec="0" bev="0" fileid="12" />
              </SequencePoints>
              <BranchPoints>
                <BranchPoint vc="0" uspid="7" ordinal="0" path="0" offset="134" offsetend="139" sl="7" fileid="12" />
                <BranchPoint vc="0" uspid="8" ordinal="2" path="0" offset="559" offsetend="561" sl="8" fileid="12" />
                <BranchPoint vc="0" uspid="8" ordinal="3" path="1" offset="559" offsetend="672" sl="8" fileid="12" />
                <BranchPoint vc="0" uspid="8" ordinal="4" path="0" offset="1052" offsetend="1054" sl="8" fileid="12" />
                <BranchPoint vc="0" uspid="8" ordinal="5" path="1" offset="1052" offsetend="1087" sl="8" fileid="12" />
                <BranchPoint vc="0" uspid="8" ordinal="6" path="0" offset="1399" offsetend="1401" sl="8" fileid="12" />
                <BranchPoint vc="0" uspid="8" ordinal="7" path="1" offset="1399" offsetend="1512" sl="8" fileid="12" />
                <BranchPoint vc="0" uspid="7" ordinal="1" path="1" offset="134" offsetend="1590" sl="7" fileid="12" />
                <BranchPoint vc="0" uspid="19" ordinal="8" path="0" offset="1991" offsetend="1993" sl="19" fileid="12" />
                <BranchPoint vc="0" uspid="19" ordinal="9" path="1" offset="1991" offsetend="2104" sl="19" fileid="12" />
                <BranchPoint vc="0" uspid="19" ordinal="10" path="0" offset="2559" offsetend="2561" sl="19" fileid="12" />
                <BranchPoint vc="0" uspid="19" ordinal="11" path="1" offset="2559" offsetend="2672" sl="19" fileid="12" />
              </BranchPoints>
              <MethodPoint vc="0" uspid="0" p8:type="SequencePoint" ordinal="0" offset="0" sc="0" sl="7" ec="1" el="26" bec="0" bev="0" fileid="12" xmlns:p8="xsi" />
            </Method>
          </Methods>
        </Class>
        <Class>
          <Summary numSequencePoints="3" visitedSequencePoints="0" numBranchPoints="20" visitedBranchPoints="0" sequenceCoverage="0" branchCoverage="0" maxCyclomaticComplexity="20" minCyclomaticComplexity="20" visitedClasses="0" numClasses="1" visitedMethods="0" numMethods="1" />
          <FullName>PruebasMetricasProject.Pages.Shared.Pages_Shared__Layout/&lt;&lt;ExecuteAsync&gt;b__27_1&gt;d</FullName>
          <Methods>
            <Method cyclomaticComplexity="20" nPathComplexity="20" sequenceCoverage="0" branchCoverage="0" isConstructor="False" isGetter="False" isSetter="False" isStatic="True">
              <Summary numSequencePoints="3" visitedSequencePoints="0" numBranchPoints="20" visitedBranchPoints="0" sequenceCoverage="0" branchCoverage="0" maxCyclomaticComplexity="20" minCyclomaticComplexity="20" visitedClasses="0" numClasses="0" visitedMethods="0" numMethods="1" />
              <MetadataToken />
              <Name>System.Void PruebasMetricasProject.Pages.Shared.Pages_Shared__Layout/&lt;&lt;ExecuteAsync&gt;b__27_1&gt;d::MoveNext()</Name>
              <FileRef uid="13" />
              <SequencePoints>
                <SequencePoint vc="0" uspid="39" ordinal="0" sl="39" sc="1" el="39" ec="2" bec="12" bev="0" fileid="13" />
                <SequencePoint vc="0" uspid="40" ordinal="1" sl="40" sc="1" el="40" ec="2" bec="0" bev="0" fileid="13" />
                <SequencePoint vc="0" uspid="51" ordinal="2" sl="51" sc="1" el="51" ec="2" bec="8" bev="0" fileid="13" />
              </SequencePoints>
              <BranchPoints>
                <BranchPoint vc="0" uspid="39" ordinal="0" path="0" offset="582" offsetend="584" sl="39" fileid="13" />
                <BranchPoint vc="0" uspid="39" ordinal="1" path="1" offset="582" offsetend="695" sl="39" fileid="13" />
                <BranchPoint vc="0" uspid="39" ordinal="2" path="0" offset="1150" offsetend="1152" sl="39" fileid="13" />
                <BranchPoint vc="0" uspid="39" ordinal="3" path="1" offset="1150" offsetend="1263" sl="39" fileid="13" />
                <BranchPoint vc="0" uspid="39" ordinal="4" path="0" offset="1718" offsetend="1720" sl="39" fileid="13" />
                <BranchPoint vc="0" uspid="39" ordinal="5" path="1" offset="1718" offsetend="1831" sl="39" fileid="13" />
                <BranchPoint vc="0" uspid="39" ordinal="6" path="0" offset="2286" offsetend="2288" sl="39" fileid="13" />
                <BranchPoint vc="0" uspid="39" ordinal="7" path="1" offset="2286" offsetend="2399" sl="39" fileid="13" />
                <BranchPoint vc="0" uspid="39" ordinal="8" path="0" offset="2792" offsetend="2794" sl="39" fileid="13" />
                <BranchPoint vc="0" uspid="39" ordinal="9" path="1" offset="2792" offsetend="2906" sl="39" fileid="13" />
                <BranchPoint vc="0" uspid="39" ordinal="10" path="0" offset="3006" offsetend="3008" sl="39" fileid="13" />
                <BranchPoint vc="0" uspid="39" ordinal="11" path="1" offset="3006" offsetend="3077" sl="39" fileid="13" />
                <BranchPoint vc="0" uspid="51" ordinal="12" path="0" offset="3496" offsetend="3498" sl="51" fileid="13" />
                <BranchPoint vc="0" uspid="51" ordinal="13" path="1" offset="3496" offsetend="3610" sl="51" fileid="13" />
                <BranchPoint vc="0" uspid="51" ordinal="14" path="0" offset="3972" offsetend="3974" sl="51" fileid="13" />
                <BranchPoint vc="0" uspid="51" ordinal="15" path="1" offset="3972" offsetend="4086" sl="51" fileid="13" />
                <BranchPoint vc="0" uspid="51" ordinal="16" path="0" offset="4448" offsetend="4450" sl="51" fileid="13" />
                <BranchPoint vc="0" uspid="51" ordinal="17" path="1" offset="4448" offsetend="4562" sl="51" fileid="13" />
                <BranchPoint vc="0" uspid="51" ordinal="18" path="0" offset="5073" offsetend="5075" sl="51" fileid="13" />
                <BranchPoint vc="0" uspid="51" ordinal="19" path="1" offset="5073" offsetend="5187" sl="51" fileid="13" />
              </BranchPoints>
              <MethodPoint vc="0" uspid="0" p8:type="SequencePoint" ordinal="0" offset="0" sc="0" sl="39" ec="1" el="51" bec="0" bev="0" fileid="13" xmlns:p8="xsi" />
            </Method>
          </Methods>
        </Class>
        <Class>
          <Summary numSequencePoints="7" visitedSequencePoints="0" numBranchPoints="0" visitedBranchPoints="0" sequenceCoverage="0" branchCoverage="100" maxCyclomaticComplexity="1" minCyclomaticComplexity="1" visitedClasses="0" numClasses="1" visitedMethods="0" numMethods="3" />
          <FullName>PruebasMetricasProject.Pages.Contactos.CreateModel</FullName>
          <Methods>
            <Method cyclomaticComplexity="1" nPathComplexity="1" sequenceCoverage="0" branchCoverage="100" isConstructor="False" isGetter="True" isSetter="False" isStatic="True">
              <Summary numSequencePoints="1" visitedSequencePoints="0" numBranchPoints="0" visitedBranchPoints="0" sequenceCoverage="0" branchCoverage="100" maxCyclomaticComplexity="1" minCyclomaticComplexity="1" visitedClasses="0" numClasses="0" visitedMethods="0" numMethods="1" />
              <MetadataToken />
              <Name>PruebasMetricasProject.Models.Contacto PruebasMetricasProject.Pages.Contactos.CreateModel::get_Contacto()</Name>
              <FileRef uid="14" />
              <SequencePoints>
                <SequencePoint vc="0" uspid="18" ordinal="0" sl="18" sc="1" el="18" ec="2" bec="0" bev="0" fileid="14" />
              </SequencePoints>
              <BranchPoints />
              <MethodPoint vc="0" uspid="0" p8:type="SequencePoint" ordinal="0" offset="0" sc="0" sl="18" ec="1" el="18" bec="0" bev="0" fileid="14" xmlns:p8="xsi" />
            </Method>
            <Method cyclomaticComplexity="1" nPathComplexity="1" sequenceCoverage="0" branchCoverage="100" isConstructor="False" isGetter="False" isSetter="False" isStatic="True">
              <Summary numSequencePoints="2" visitedSequencePoints="0" numBranchPoints="0" visitedBranchPoints="0" sequenceCoverage="0" branchCoverage="100" maxCyclomaticComplexity="1" minCyclomaticComplexity="1" visitedClasses="0" numClasses="0" visitedMethods="0" numMethods="1" />
              <MetadataToken />
              <Name>System.Void PruebasMetricasProject.Pages.Contactos.CreateModel::OnGet()</Name>
              <FileRef uid="14" />
              <SequencePoints>
                <SequencePoint vc="0" uspid="21" ordinal="0" sl="21" sc="1" el="21" ec="2" bec="0" bev="0" fileid="14" />
                <SequencePoint vc="0" uspid="22" ordinal="1" sl="22" sc="1" el="22" ec="2" bec="0" bev="0" fileid="14" />
              </SequencePoints>
              <BranchPoints />
              <MethodPoint vc="0" uspid="0" p8:type="SequencePoint" ordinal="1" offset="1" sc="0" sl="21" ec="1" el="22" bec="0" bev="0" fileid="14" xmlns:p8="xsi" />
            </Method>
            <Method cyclomaticComplexity="1" nPathComplexity="1" sequenceCoverage="0" branchCoverage="100" isConstructor="True" isGetter="False" isSetter="False" isStatic="True">
              <Summary numSequencePoints="4" visitedSequencePoints="0" numBranchPoints="0" visitedBranchPoints="0" sequenceCoverage="0" branchCoverage="100" maxCyclomaticComplexity="1" minCyclomaticComplexity="1" visitedClasses="0" numClasses="0" visitedMethods="0" numMethods="1" />
              <MetadataToken />
              <Name>System.Void PruebasMetricasProject.Pages.Contactos.CreateModel::.ctor(PruebasMetricasProject.Data.ApplicationDbContext)</Name>
              <FileRef uid="14" />
              <SequencePoints>
                <SequencePoint vc="0" uspid="12" ordinal="0" sl="12" sc="1" el="12" ec="2" bec="0" bev="0" fileid="14" />
                <SequencePoint vc="0" uspid="13" ordinal="1" sl="13" sc="1" el="13" ec="2" bec="0" bev="0" fileid="14" />
                <SequencePoint vc="0" uspid="14" ordinal="2" sl="14" sc="1" el="14" ec="2" bec="0" bev="0" fileid="14" />
                <SequencePoint vc="0" uspid="15" ordinal="3" sl="15" sc="1" el="15" ec="2" bec="0" bev="0" fileid="14" />
              </SequencePoints>
              <BranchPoints />
              <MethodPoint vc="0" uspid="0" p8:type="SequencePoint" ordinal="2" offset="2" sc="0" sl="12" ec="1" el="15" bec="0" bev="0" fileid="14" xmlns:p8="xsi" />
            </Method>
          </Methods>
        </Class>
        <Class>
          <Summary numSequencePoints="8" visitedSequencePoints="0" numBranchPoints="2" visitedBranchPoints="0" sequenceCoverage="0" branchCoverage="0" maxCyclomaticComplexity="2" minCyclomaticComplexity="2" visitedClasses="0" numClasses="1" visitedMethods="0" numMethods="1" />
          <FullName>PruebasMetricasProject.Pages.Contactos.CreateModel/&lt;OnPostAsync&gt;d__7</FullName>
          <Methods>
            <Method cyclomaticComplexity="2" nPathComplexity="2" sequenceCoverage="0" branchCoverage="0" isConstructor="False" isGetter="False" isSetter="False" isStatic="True">
              <Summary numSequencePoints="8" visitedSequencePoints="0" numBranchPoints="2" visitedBranchPoints="0" sequenceCoverage="0" branchCoverage="0" maxCyclomaticComplexity="2" minCyclomaticComplexity="2" visitedClasses="0" numClasses="0" visitedMethods="0" numMethods="1" />
              <MetadataToken />
              <Name>System.Void PruebasMetricasProject.Pages.Contactos.CreateModel/&lt;OnPostAsync&gt;d__7::MoveNext()</Name>
              <FileRef uid="14" />
              <SequencePoints>
                <SequencePoint vc="0" uspid="25" ordinal="0" sl="25" sc="1" el="25" ec="2" bec="0" bev="0" fileid="14" />
                <SequencePoint vc="0" uspid="26" ordinal="1" sl="26" sc="1" el="26" ec="2" bec="2" bev="0" fileid="14" />
                <SequencePoint vc="0" uspid="27" ordinal="2" sl="27" sc="1" el="27" ec="2" bec="0" bev="0" fileid="14" />
                <SequencePoint vc="0" uspid="28" ordinal="3" sl="28" sc="1" el="28" ec="2" bec="0" bev="0" fileid="14" />
                <SequencePoint vc="0" uspid="31" ordinal="4" sl="31" sc="1" el="31" ec="2" bec="0" bev="0" fileid="14" />
                <SequencePoint vc="0" uspid="33" ordinal="5" sl="33" sc="1" el="33" ec="2" bec="0" bev="0" fileid="14" />
                <SequencePoint vc="0" uspid="35" ordinal="6" sl="35" sc="1" el="35" ec="2" bec="0" bev="0" fileid="14" />
                <SequencePoint vc="0" uspid="36" ordinal="7" sl="36" sc="1" el="36" ec="2" bec="0" bev="0" fileid="14" />
              </SequencePoints>
              <BranchPoints>
                <BranchPoint vc="0" uspid="26" ordinal="0" path="0" offset="39" offsetend="41" sl="26" fileid="14" />
                <BranchPoint vc="0" uspid="26" ordinal="1" path="1" offset="39" offsetend="59" sl="26" fileid="14" />
              </BranchPoints>
              <MethodPoint vc="0" uspid="0" p8:type="SequencePoint" ordinal="0" offset="0" sc="0" sl="25" ec="1" el="36" bec="0" bev="0" fileid="14" xmlns:p8="xsi" />
            </Method>
          </Methods>
        </Class>
        <Class>
          <Summary numSequencePoints="2" visitedSequencePoints="2" numBranchPoints="0" visitedBranchPoints="0" sequenceCoverage="100" branchCoverage="100" maxCyclomaticComplexity="1" minCyclomaticComplexity="1" visitedClasses="1" numClasses="1" visitedMethods="2" numMethods="2" />
          <FullName>PruebasMetricasProject.Models.ApplicationUser</FullName>
          <Methods>
            <Method cyclomaticComplexity="1" nPathComplexity="1" sequenceCoverage="100" branchCoverage="100" isConstructor="False" isGetter="True" isSetter="False" isStatic="True">
              <Summary numSequencePoints="1" visitedSequencePoints="1" numBranchPoints="0" visitedBranchPoints="0" sequenceCoverage="100" branchCoverage="100" maxCyclomaticComplexity="1" minCyclomaticComplexity="1" visitedClasses="0" numClasses="0" visitedMethods="1" numMethods="1" />
              <MetadataToken />
              <Name>System.String PruebasMetricasProject.Models.ApplicationUser::get_Nombre()</Name>
              <FileRef uid="15" />
              <SequencePoints>
                <SequencePoint vc="4" uspid="9" ordinal="0" sl="9" sc="1" el="9" ec="2" bec="0" bev="0" fileid="15" />
              </SequencePoints>
              <BranchPoints />
              <MethodPoint vc="1" uspid="0" p8:type="SequencePoint" ordinal="0" offset="0" sc="0" sl="9" ec="1" el="9" bec="0" bev="0" fileid="15" xmlns:p8="xsi" />
            </Method>
            <Method cyclomaticComplexity="1" nPathComplexity="1" sequenceCoverage="100" branchCoverage="100" isConstructor="False" isGetter="True" isSetter="False" isStatic="True">
              <Summary numSequencePoints="1" visitedSequencePoints="1" numBranchPoints="0" visitedBranchPoints="0" sequenceCoverage="100" branchCoverage="100" maxCyclomaticComplexity="1" minCyclomaticComplexity="1" visitedClasses="0" numClasses="0" visitedMethods="1" numMethods="1" />
              <MetadataToken />
              <Name>System.String PruebasMetricasProject.Models.ApplicationUser::get_Apellido()</Name>
              <FileRef uid="15" />
              <SequencePoints>
                <SequencePoint vc="4" uspid="12" ordinal="0" sl="12" sc="1" el="12" ec="2" bec="0" bev="0" fileid="15" />
              </SequencePoints>
              <BranchPoints />
              <MethodPoint vc="1" uspid="0" p8:type="SequencePoint" ordinal="1" offset="1" sc="0" sl="12" ec="1" el="12" bec="0" bev="0" fileid="15" xmlns:p8="xsi" />
            </Method>
          </Methods>
        </Class>
        <Class>
          <Summary numSequencePoints="7" visitedSequencePoints="0" numBranchPoints="0" visitedBranchPoints="0" sequenceCoverage="0" branchCoverage="100" maxCyclomaticComplexity="1" minCyclomaticComplexity="1" visitedClasses="0" numClasses="1" visitedMethods="0" numMethods="7" />
          <FullName>PruebasMetricasProject.Models.Contacto</FullName>
          <Methods>
            <Method cyclomaticComplexity="1" nPathComplexity="1" sequenceCoverage="0" branchCoverage="100" isConstructor="False" isGetter="True" isSetter="False" isStatic="True">
              <Summary numSequencePoints="1" visitedSequencePoints="0" numBranchPoints="0" visitedBranchPoints="0" sequenceCoverage="0" branchCoverage="100" maxCyclomaticComplexity="1" minCyclomaticComplexity="1" visitedClasses="0" numClasses="0" visitedMethods="0" numMethods="1" />
              <MetadataToken />
              <Name>System.Int32 PruebasMetricasProject.Models.Contacto::get_Id()</Name>
              <FileRef uid="16" />
              <SequencePoints>
                <SequencePoint vc="0" uspid="7" ordinal="0" sl="7" sc="1" el="7" ec="2" bec="0" bev="0" fileid="16" />
              </SequencePoints>
              <BranchPoints />
              <MethodPoint vc="0" uspid="0" p8:type="SequencePoint" ordinal="0" offset="0" sc="0" sl="7" ec="1" el="7" bec="0" bev="0" fileid="16" xmlns:p8="xsi" />
            </Method>
            <Method cyclomaticComplexity="1" nPathComplexity="1" sequenceCoverage="0" branchCoverage="100" isConstructor="False" isGetter="True" isSetter="False" isStatic="True">
              <Summary numSequencePoints="1" visitedSequencePoints="0" numBranchPoints="0" visitedBranchPoints="0" sequenceCoverage="0" branchCoverage="100" maxCyclomaticComplexity="1" minCyclomaticComplexity="1" visitedClasses="0" numClasses="0" visitedMethods="0" numMethods="1" />
              <MetadataToken />
              <Name>System.String PruebasMetricasProject.Models.Contacto::get_Nombre()</Name>
              <FileRef uid="16" />
              <SequencePoints>
                <SequencePoint vc="0" uspid="10" ordinal="0" sl="10" sc="1" el="10" ec="2" bec="0" bev="0" fileid="16" />
              </SequencePoints>
              <BranchPoints />
              <MethodPoint vc="0" uspid="0" p8:type="SequencePoint" ordinal="1" offset="1" sc="0" sl="10" ec="1" el="10" bec="0" bev="0" fileid="16" xmlns:p8="xsi" />
            </Method>
            <Method cyclomaticComplexity="1" nPathComplexity="1" sequenceCoverage="0" branchCoverage="100" isConstructor="False" isGetter="True" isSetter="False" isStatic="True">
              <Summary numSequencePoints="1" visitedSequencePoints="0" numBranchPoints="0" visitedBranchPoints="0" sequenceCoverage="0" branchCoverage="100" maxCyclomaticComplexity="1" minCyclomaticComplexity="1" visitedClasses="0" numClasses="0" visitedMethods="0" numMethods="1" />
              <MetadataToken />
              <Name>System.String PruebasMetricasProject.Models.Contacto::get_Apellido()</Name>
              <FileRef uid="16" />
              <SequencePoints>
                <SequencePoint vc="0" uspid="13" ordinal="0" sl="13" sc="1" el="13" ec="2" bec="0" bev="0" fileid="16" />
              </SequencePoints>
              <BranchPoints />
              <MethodPoint vc="0" uspid="0" p8:type="SequencePoint" ordinal="2" offset="2" sc="0" sl="13" ec="1" el="13" bec="0" bev="0" fileid="16" xmlns:p8="xsi" />
            </Method>
            <Method cyclomaticComplexity="1" nPathComplexity="1" sequenceCoverage="0" branchCoverage="100" isConstructor="False" isGetter="True" isSetter="False" isStatic="True">
              <Summary numSequencePoints="1" visitedSequencePoints="0" numBranchPoints="0" visitedBranchPoints="0" sequenceCoverage="0" branchCoverage="100" maxCyclomaticComplexity="1" minCyclomaticComplexity="1" visitedClasses="0" numClasses="0" visitedMethods="0" numMethods="1" />
              <MetadataToken />
              <Name>System.String PruebasMetricasProject.Models.Contacto::get_Correo()</Name>
              <FileRef uid="16" />
              <SequencePoints>
                <SequencePoint vc="0" uspid="17" ordinal="0" sl="17" sc="1" el="17" ec="2" bec="0" bev="0" fileid="16" />
              </SequencePoints>
              <BranchPoints />
              <MethodPoint vc="0" uspid="0" p8:type="SequencePoint" ordinal="3" offset="3" sc="0" sl="17" ec="1" el="17" bec="0" bev="0" fileid="16" xmlns:p8="xsi" />
            </Method>
            <Method cyclomaticComplexity="1" nPathComplexity="1" sequenceCoverage="0" branchCoverage="100" isConstructor="False" isGetter="True" isSetter="False" isStatic="True">
              <Summary numSequencePoints="1" visitedSequencePoints="0" numBranchPoints="0" visitedBranchPoints="0" sequenceCoverage="0" branchCoverage="100" maxCyclomaticComplexity="1" minCyclomaticComplexity="1" visitedClasses="0" numClasses="0" visitedMethods="0" numMethods="1" />
              <MetadataToken />
              <Name>System.String PruebasMetricasProject.Models.Contacto::get_Pais()</Name>
              <FileRef uid="16" />
              <SequencePoints>
                <SequencePoint vc="0" uspid="20" ordinal="0" sl="20" sc="1" el="20" ec="2" bec="0" bev="0" fileid="16" />
              </SequencePoints>
              <BranchPoints />
              <MethodPoint vc="0" uspid="0" p8:type="SequencePoint" ordinal="4" offset="4" sc="0" sl="20" ec="1" el="20" bec="0" bev="0" fileid="16" xmlns:p8="xsi" />
            </Method>
            <Method cyclomaticComplexity="1" nPathComplexity="1" sequenceCoverage="0" branchCoverage="100" isConstructor="False" isGetter="True" isSetter="False" isStatic="True">
              <Summary numSequencePoints="1" visitedSequencePoints="0" numBranchPoints="0" visitedBranchPoints="0" sequenceCoverage="0" branchCoverage="100" maxCyclomaticComplexity="1" minCyclomaticComplexity="1" visitedClasses="0" numClasses="0" visitedMethods="0" numMethods="1" />
              <MetadataToken />
              <Name>System.String PruebasMetricasProject.Models.Contacto::get_Ciudad()</Name>
              <FileRef uid="16" />
              <SequencePoints>
                <SequencePoint vc="0" uspid="23" ordinal="0" sl="23" sc="1" el="23" ec="2" bec="0" bev="0" fileid="16" />
              </SequencePoints>
              <BranchPoints />
              <MethodPoint vc="0" uspid="0" p8:type="SequencePoint" ordinal="5" offset="5" sc="0" sl="23" ec="1" el="23" bec="0" bev="0" fileid="16" xmlns:p8="xsi" />
            </Method>
            <Method cyclomaticComplexity="1" nPathComplexity="1" sequenceCoverage="0" branchCoverage="100" isConstructor="False" isGetter="True" isSetter="False" isStatic="True">
              <Summary numSequencePoints="1" visitedSequencePoints="0" numBranchPoints="0" visitedBranchPoints="0" sequenceCoverage="0" branchCoverage="100" maxCyclomaticComplexity="1" minCyclomaticComplexity="1" visitedClasses="0" numClasses="0" visitedMethods="0" numMethods="1" />
              <MetadataToken />
              <Name>System.String PruebasMetricasProject.Models.Contacto::get_Telefono()</Name>
              <FileRef uid="16" />
              <SequencePoints>
                <SequencePoint vc="0" uspid="27" ordinal="0" sl="27" sc="1" el="27" ec="2" bec="0" bev="0" fileid="16" />
              </SequencePoints>
              <BranchPoints />
              <MethodPoint vc="0" uspid="0" p8:type="SequencePoint" ordinal="6" offset="6" sc="0" sl="27" ec="1" el="27" bec="0" bev="0" fileid="16" xmlns:p8="xsi" />
            </Method>
          </Methods>
        </Class>
        <Class>
          <Summary numSequencePoints="186" visitedSequencePoints="0" numBranchPoints="0" visitedBranchPoints="0" sequenceCoverage="0" branchCoverage="100" maxCyclomaticComplexity="1" minCyclomaticComplexity="1" visitedClasses="0" numClasses="1" visitedMethods="0" numMethods="2" />
          <FullName>PruebasMetricasProject.Migrations.InitialSQLite</FullName>
          <Methods>
            <Method cyclomaticComplexity="1" nPathComplexity="1" sequenceCoverage="0" branchCoverage="100" isConstructor="False" isGetter="False" isSetter="False" isStatic="True">
              <Summary numSequencePoints="170" visitedSequencePoints="0" numBranchPoints="0" visitedBranchPoints="0" sequenceCoverage="0" branchCoverage="100" maxCyclomaticComplexity="1" minCyclomaticComplexity="1" visitedClasses="0" numClasses="0" visitedMethods="0" numMethods="1" />
              <MetadataToken />
              <Name>System.Void PruebasMetricasProject.Migrations.InitialSQLite::Up(Microsoft.EntityFrameworkCore.Migrations.MigrationBuilder)</Name>
              <FileRef uid="17" />
              <SequencePoints>
                <SequencePoint vc="0" uspid="16" ordinal="0" sl="16" sc="1" el="16" ec="2" bec="0" bev="0" fileid="17" />
                <SequencePoint vc="0" uspid="17" ordinal="1" sl="17" sc="1" el="17" ec="2" bec="0" bev="0" fileid="17" />
                <SequencePoint vc="0" uspid="18" ordinal="2" sl="18" sc="1" el="18" ec="2" bec="0" bev="0" fileid="17" />
                <SequencePoint vc="0" uspid="19" ordinal="3" sl="19" sc="1" el="19" ec="2" bec="0" bev="0" fileid="17" />
                <SequencePoint vc="0" uspid="20" ordinal="4" sl="20" sc="1" el="20" ec="2" bec="0" bev="0" fileid="17" />
                <SequencePoint vc="0" uspid="21" ordinal="5" sl="21" sc="1" el="21" ec="2" bec="0" bev="0" fileid="17" />
                <SequencePoint vc="0" uspid="22" ordinal="6" sl="22" sc="1" el="22" ec="2" bec="0" bev="0" fileid="17" />
                <SequencePoint vc="0" uspid="23" ordinal="7" sl="23" sc="1" el="23" ec="2" bec="0" bev="0" fileid="17" />
                <SequencePoint vc="0" uspid="24" ordinal="8" sl="24" sc="1" el="24" ec="2" bec="0" bev="0" fileid="17" />
                <SequencePoint vc="0" uspid="25" ordinal="9" sl="25" sc="1" el="25" ec="2" bec="0" bev="0" fileid="17" />
                <SequencePoint vc="0" uspid="26" ordinal="10" sl="26" sc="1" el="26" ec="2" bec="0" bev="0" fileid="17" />
                <SequencePoint vc="0" uspid="27" ordinal="11" sl="27" sc="1" el="27" ec="2" bec="0" bev="0" fileid="17" />
                <SequencePoint vc="0" uspid="28" ordinal="12" sl="28" sc="1" el="28" ec="2" bec="0" bev="0" fileid="17" />
                <SequencePoint vc="0" uspid="29" ordinal="13" sl="29" sc="1" el="29" ec="2" bec="0" bev="0" fileid="17" />
                <SequencePoint vc="0" uspid="31" ordinal="14" sl="31" sc="1" el="31" ec="2" bec="0" bev="0" fileid="17" />
                <SequencePoint vc="0" uspid="32" ordinal="15" sl="32" sc="1" el="32" ec="2" bec="0" bev="0" fileid="17" />
                <SequencePoint vc="0" uspid="33" ordinal="16" sl="33" sc="1" el="33" ec="2" bec="0" bev="0" fileid="17" />
                <SequencePoint vc="0" uspid="34" ordinal="17" sl="34" sc="1" el="34" ec="2" bec="0" bev="0" fileid="17" />
                <SequencePoint vc="0" uspid="35" ordinal="18" sl="35" sc="1" el="35" ec="2" bec="0" bev="0" fileid="17" />
                <SequencePoint vc="0" uspid="36" ordinal="19" sl="36" sc="1" el="36" ec="2" bec="0" bev="0" fileid="17" />
                <SequencePoint vc="0" uspid="37" ordinal="20" sl="37" sc="1" el="37" ec="2" bec="0" bev="0" fileid="17" />
                <SequencePoint vc="0" uspid="38" ordinal="21" sl="38" sc="1" el="38" ec="2" bec="0" bev="0" fileid="17" />
                <SequencePoint vc="0" uspid="39" ordinal="22" sl="39" sc="1" el="39" ec="2" bec="0" bev="0" fileid="17" />
                <SequencePoint vc="0" uspid="40" ordinal="23" sl="40" sc="1" el="40" ec="2" bec="0" bev="0" fileid="17" />
                <SequencePoint vc="0" uspid="41" ordinal="24" sl="41" sc="1" el="41" ec="2" bec="0" bev="0" fileid="17" />
                <SequencePoint vc="0" uspid="42" ordinal="25" sl="42" sc="1" el="42" ec="2" bec="0" bev="0" fileid="17" />
                <SequencePoint vc="0" uspid="43" ordinal="26" sl="43" sc="1" el="43" ec="2" bec="0" bev="0" fileid="17" />
                <SequencePoint vc="0" uspid="44" ordinal="27" sl="44" sc="1" el="44" ec="2" bec="0" bev="0" fileid="17" />
                <SequencePoint vc="0" uspid="45" ordinal="28" sl="45" sc="1" el="45" ec="2" bec="0" bev="0" fileid="17" />
                <SequencePoint vc="0" uspid="46" ordinal="29" sl="46" sc="1" el="46" ec="2" bec="0" bev="0" fileid="17" />
                <SequencePoint vc="0" uspid="47" ordinal="30" sl="47" sc="1" el="47" ec="2" bec="0" bev="0" fileid="17" />
                <SequencePoint vc="0" uspid="48" ordinal="31" sl="48" sc="1" el="48" ec="2" bec="0" bev="0" fileid="17" />
                <SequencePoint vc="0" uspid="49" ordinal="32" sl="49" sc="1" el="49" ec="2" bec="0" bev="0" fileid="17" />
                <SequencePoint vc="0" uspid="50" ordinal="33" sl="50" sc="1" el="50" ec="2" bec="0" bev="0" fileid="17" />
                <SequencePoint vc="0" uspid="51" ordinal="34" sl="51" sc="1" el="51" ec="2" bec="0" bev="0" fileid="17" />
                <SequencePoint vc="0" uspid="52" ordinal="35" sl="52" sc="1" el="52" ec="2" bec="0" bev="0" fileid="17" />
                <SequencePoint vc="0" uspid="53" ordinal="36" sl="53" sc="1" el="53" ec="2" bec="0" bev="0" fileid="17" />
                <SequencePoint vc="0" uspid="54" ordinal="37" sl="54" sc="1" el="54" ec="2" bec="0" bev="0" fileid="17" />
                <SequencePoint vc="0" uspid="56" ordinal="38" sl="56" sc="1" el="56" ec="2" bec="0" bev="0" fileid="17" />
                <SequencePoint vc="0" uspid="57" ordinal="39" sl="57" sc="1" el="57" ec="2" bec="0" bev="0" fileid="17" />
                <SequencePoint vc="0" uspid="58" ordinal="40" sl="58" sc="1" el="58" ec="2" bec="0" bev="0" fileid="17" />
                <SequencePoint vc="0" uspid="59" ordinal="41" sl="59" sc="1" el="59" ec="2" bec="0" bev="0" fileid="17" />
                <SequencePoint vc="0" uspid="60" ordinal="42" sl="60" sc="1" el="60" ec="2" bec="0" bev="0" fileid="17" />
                <SequencePoint vc="0" uspid="61" ordinal="43" sl="61" sc="1" el="61" ec="2" bec="0" bev="0" fileid="17" />
                <SequencePoint vc="0" uspid="62" ordinal="44" sl="62" sc="1" el="62" ec="2" bec="0" bev="0" fileid="17" />
                <SequencePoint vc="0" uspid="63" ordinal="45" sl="63" sc="1" el="63" ec="2" bec="0" bev="0" fileid="17" />
                <SequencePoint vc="0" uspid="64" ordinal="46" sl="64" sc="1" el="64" ec="2" bec="0" bev="0" fileid="17" />
                <SequencePoint vc="0" uspid="65" ordinal="47" sl="65" sc="1" el="65" ec="2" bec="0" bev="0" fileid="17" />
                <SequencePoint vc="0" uspid="66" ordinal="48" sl="66" sc="1" el="66" ec="2" bec="0" bev="0" fileid="17" />
                <SequencePoint vc="0" uspid="67" ordinal="49" sl="67" sc="1" el="67" ec="2" bec="0" bev="0" fileid="17" />
                <SequencePoint vc="0" uspid="68" ordinal="50" sl="68" sc="1" el="68" ec="2" bec="0" bev="0" fileid="17" />
                <SequencePoint vc="0" uspid="69" ordinal="51" sl="69" sc="1" el="69" ec="2" bec="0" bev="0" fileid="17" />
                <SequencePoint vc="0" uspid="70" ordinal="52" sl="70" sc="1" el="70" ec="2" bec="0" bev="0" fileid="17" />
                <SequencePoint vc="0" uspid="71" ordinal="53" sl="71" sc="1" el="71" ec="2" bec="0" bev="0" fileid="17" />
                <SequencePoint vc="0" uspid="72" ordinal="54" sl="72" sc="1" el="72" ec="2" bec="0" bev="0" fileid="17" />
                <SequencePoint vc="0" uspid="73" ordinal="55" sl="73" sc="1" el="73" ec="2" bec="0" bev="0" fileid="17" />
                <SequencePoint vc="0" uspid="74" ordinal="56" sl="74" sc="1" el="74" ec="2" bec="0" bev="0" fileid="17" />
                <SequencePoint vc="0" uspid="75" ordinal="57" sl="75" sc="1" el="75" ec="2" bec="0" bev="0" fileid="17" />
                <SequencePoint vc="0" uspid="77" ordinal="58" sl="77" sc="1" el="77" ec="2" bec="0" bev="0" fileid="17" />
                <SequencePoint vc="0" uspid="78" ordinal="59" sl="78" sc="1" el="78" ec="2" bec="0" bev="0" fileid="17" />
                <SequencePoint vc="0" uspid="79" ordinal="60" sl="79" sc="1" el="79" ec="2" bec="0" bev="0" fileid="17" />
                <SequencePoint vc="0" uspid="80" ordinal="61" sl="80" sc="1" el="80" ec="2" bec="0" bev="0" fileid="17" />
                <SequencePoint vc="0" uspid="81" ordinal="62" sl="81" sc="1" el="81" ec="2" bec="0" bev="0" fileid="17" />
                <SequencePoint vc="0" uspid="82" ordinal="63" sl="82" sc="1" el="82" ec="2" bec="0" bev="0" fileid="17" />
                <SequencePoint vc="0" uspid="83" ordinal="64" sl="83" sc="1" el="83" ec="2" bec="0" bev="0" fileid="17" />
                <SequencePoint vc="0" uspid="84" ordinal="65" sl="84" sc="1" el="84" ec="2" bec="0" bev="0" fileid="17" />
                <SequencePoint vc="0" uspid="85" ordinal="66" sl="85" sc="1" el="85" ec="2" bec="0" bev="0" fileid="17" />
                <SequencePoint vc="0" uspid="86" ordinal="67" sl="86" sc="1" el="86" ec="2" bec="0" bev="0" fileid="17" />
                <SequencePoint vc="0" uspid="87" ordinal="68" sl="87" sc="1" el="87" ec="2" bec="0" bev="0" fileid="17" />
                <SequencePoint vc="0" uspid="88" ordinal="69" sl="88" sc="1" el="88" ec="2" bec="0" bev="0" fileid="17" />
                <SequencePoint vc="0" uspid="89" ordinal="70" sl="89" sc="1" el="89" ec="2" bec="0" bev="0" fileid="17" />
                <SequencePoint vc="0" uspid="90" ordinal="71" sl="90" sc="1" el="90" ec="2" bec="0" bev="0" fileid="17" />
                <SequencePoint vc="0" uspid="91" ordinal="72" sl="91" sc="1" el="91" ec="2" bec="0" bev="0" fileid="17" />
                <SequencePoint vc="0" uspid="92" ordinal="73" sl="92" sc="1" el="92" ec="2" bec="0" bev="0" fileid="17" />
                <SequencePoint vc="0" uspid="93" ordinal="74" sl="93" sc="1" el="93" ec="2" bec="0" bev="0" fileid="17" />
                <SequencePoint vc="0" uspid="94" ordinal="75" sl="94" sc="1" el="94" ec="2" bec="0" bev="0" fileid="17" />
                <SequencePoint vc="0" uspid="95" ordinal="76" sl="95" sc="1" el="95" ec="2" bec="0" bev="0" fileid="17" />
                <SequencePoint vc="0" uspid="96" ordinal="77" sl="96" sc="1" el="96" ec="2" bec="0" bev="0" fileid="17" />
                <SequencePoint vc="0" uspid="98" ordinal="78" sl="98" sc="1" el="98" ec="2" bec="0" bev="0" fileid="17" />
                <SequencePoint vc="0" uspid="99" ordinal="79" sl="99" sc="1" el="99" ec="2" bec="0" bev="0" fileid="17" />
                <SequencePoint vc="0" uspid="100" ordinal="80" sl="100" sc="1" el="100" ec="2" bec="0" bev="0" fileid="17" />
                <SequencePoint vc="0" uspid="101" ordinal="81" sl="101" sc="1" el="101" ec="2" bec="0" bev="0" fileid="17" />
                <SequencePoint vc="0" uspid="102" ordinal="82" sl="102" sc="1" el="102" ec="2" bec="0" bev="0" fileid="17" />
                <SequencePoint vc="0" uspid="103" ordinal="83" sl="103" sc="1" el="103" ec="2" bec="0" bev="0" fileid="17" />
                <SequencePoint vc="0" uspid="104" ordinal="84" sl="104" sc="1" el="104" ec="2" bec="0" bev="0" fileid="17" />
                <SequencePoint vc="0" uspid="105" ordinal="85" sl="105" sc="1" el="105" ec="2" bec="0" bev="0" fileid="17" />
                <SequencePoint vc="0" uspid="106" ordinal="86" sl="106" sc="1" el="106" ec="2" bec="0" bev="0" fileid="17" />
                <SequencePoint vc="0" uspid="107" ordinal="87" sl="107" sc="1" el="107" ec="2" bec="0" bev="0" fileid="17" />
                <SequencePoint vc="0" uspid="108" ordinal="88" sl="108" sc="1" el="108" ec="2" bec="0" bev="0" fileid="17" />
                <SequencePoint vc="0" uspid="109" ordinal="89" sl="109" sc="1" el="109" ec="2" bec="0" bev="0" fileid="17" />
                <SequencePoint vc="0" uspid="110" ordinal="90" sl="110" sc="1" el="110" ec="2" bec="0" bev="0" fileid="17" />
                <SequencePoint vc="0" uspid="111" ordinal="91" sl="111" sc="1" el="111" ec="2" bec="0" bev="0" fileid="17" />
                <SequencePoint vc="0" uspid="112" ordinal="92" sl="112" sc="1" el="112" ec="2" bec="0" bev="0" fileid="17" />
                <SequencePoint vc="0" uspid="113" ordinal="93" sl="113" sc="1" el="113" ec="2" bec="0" bev="0" fileid="17" />
                <SequencePoint vc="0" uspid="114" ordinal="94" sl="114" sc="1" el="114" ec="2" bec="0" bev="0" fileid="17" />
                <SequencePoint vc="0" uspid="115" ordinal="95" sl="115" sc="1" el="115" ec="2" bec="0" bev="0" fileid="17" />
                <SequencePoint vc="0" uspid="116" ordinal="96" sl="116" sc="1" el="116" ec="2" bec="0" bev="0" fileid="17" />
                <SequencePoint vc="0" uspid="118" ordinal="97" sl="118" sc="1" el="118" ec="2" bec="0" bev="0" fileid="17" />
                <SequencePoint vc="0" uspid="119" ordinal="98" sl="119" sc="1" el="119" ec="2" bec="0" bev="0" fileid="17" />
                <SequencePoint vc="0" uspid="120" ordinal="99" sl="120" sc="1" el="120" ec="2" bec="0" bev="0" fileid="17" />
                <SequencePoint vc="0" uspid="121" ordinal="100" sl="121" sc="1" el="121" ec="2" bec="0" bev="0" fileid="17" />
                <SequencePoint vc="0" uspid="122" ordinal="101" sl="122" sc="1" el="122" ec="2" bec="0" bev="0" fileid="17" />
                <SequencePoint vc="0" uspid="123" ordinal="102" sl="123" sc="1" el="123" ec="2" bec="0" bev="0" fileid="17" />
                <SequencePoint vc="0" uspid="124" ordinal="103" sl="124" sc="1" el="124" ec="2" bec="0" bev="0" fileid="17" />
                <SequencePoint vc="0" uspid="125" ordinal="104" sl="125" sc="1" el="125" ec="2" bec="0" bev="0" fileid="17" />
                <SequencePoint vc="0" uspid="126" ordinal="105" sl="126" sc="1" el="126" ec="2" bec="0" bev="0" fileid="17" />
                <SequencePoint vc="0" uspid="127" ordinal="106" sl="127" sc="1" el="127" ec="2" bec="0" bev="0" fileid="17" />
                <SequencePoint vc="0" uspid="128" ordinal="107" sl="128" sc="1" el="128" ec="2" bec="0" bev="0" fileid="17" />
                <SequencePoint vc="0" uspid="129" ordinal="108" sl="129" sc="1" el="129" ec="2" bec="0" bev="0" fileid="17" />
                <SequencePoint vc="0" uspid="130" ordinal="109" sl="130" sc="1" el="130" ec="2" bec="0" bev="0" fileid="17" />
                <SequencePoint vc="0" uspid="131" ordinal="110" sl="131" sc="1" el="131" ec="2" bec="0" bev="0" fileid="17" />
                <SequencePoint vc="0" uspid="132" ordinal="111" sl="132" sc="1" el="132" ec="2" bec="0" bev="0" fileid="17" />
                <SequencePoint vc="0" uspid="133" ordinal="112" sl="133" sc="1" el="133" ec="2" bec="0" bev="0" fileid="17" />
                <SequencePoint vc="0" uspid="134" ordinal="113" sl="134" sc="1" el="134" ec="2" bec="0" bev="0" fileid="17" />
                <SequencePoint vc="0" uspid="135" ordinal="114" sl="135" sc="1" el="135" ec="2" bec="0" bev="0" fileid="17" />
                <SequencePoint vc="0" uspid="136" ordinal="115" sl="136" sc="1" el="136" ec="2" bec="0" bev="0" fileid="17" />
                <SequencePoint vc="0" uspid="137" ordinal="116" sl="137" sc="1" el="137" ec="2" bec="0" bev="0" fileid="17" />
                <SequencePoint vc="0" uspid="138" ordinal="117" sl="138" sc="1" el="138" ec="2" bec="0" bev="0" fileid="17" />
                <SequencePoint vc="0" uspid="139" ordinal="118" sl="139" sc="1" el="139" ec="2" bec="0" bev="0" fileid="17" />
                <SequencePoint vc="0" uspid="140" ordinal="119" sl="140" sc="1" el="140" ec="2" bec="0" bev="0" fileid="17" />
                <SequencePoint vc="0" uspid="142" ordinal="120" sl="142" sc="1" el="142" ec="2" bec="0" bev="0" fileid="17" />
                <SequencePoint vc="0" uspid="143" ordinal="121" sl="143" sc="1" el="143" ec="2" bec="0" bev="0" fileid="17" />
                <SequencePoint vc="0" uspid="144" ordinal="122" sl="144" sc="1" el="144" ec="2" bec="0" bev="0" fileid="17" />
                <SequencePoint vc="0" uspid="145" ordinal="123" sl="145" sc="1" el="145" ec="2" bec="0" bev="0" fileid="17" />
                <SequencePoint vc="0" uspid="146" ordinal="124" sl="146" sc="1" el="146" ec="2" bec="0" bev="0" fileid="17" />
                <SequencePoint vc="0" uspid="147" ordinal="125" sl="147" sc="1" el="147" ec="2" bec="0" bev="0" fileid="17" />
                <SequencePoint vc="0" uspid="148" ordinal="126" sl="148" sc="1" el="148" ec="2" bec="0" bev="0" fileid="17" />
                <SequencePoint vc="0" uspid="149" ordinal="127" sl="149" sc="1" el="149" ec="2" bec="0" bev="0" fileid="17" />
                <SequencePoint vc="0" uspid="150" ordinal="128" sl="150" sc="1" el="150" ec="2" bec="0" bev="0" fileid="17" />
                <SequencePoint vc="0" uspid="151" ordinal="129" sl="151" sc="1" el="151" ec="2" bec="0" bev="0" fileid="17" />
                <SequencePoint vc="0" uspid="152" ordinal="130" sl="152" sc="1" el="152" ec="2" bec="0" bev="0" fileid="17" />
                <SequencePoint vc="0" uspid="153" ordinal="131" sl="153" sc="1" el="153" ec="2" bec="0" bev="0" fileid="17" />
                <SequencePoint vc="0" uspid="154" ordinal="132" sl="154" sc="1" el="154" ec="2" bec="0" bev="0" fileid="17" />
                <SequencePoint vc="0" uspid="155" ordinal="133" sl="155" sc="1" el="155" ec="2" bec="0" bev="0" fileid="17" />
                <SequencePoint vc="0" uspid="156" ordinal="134" sl="156" sc="1" el="156" ec="2" bec="0" bev="0" fileid="17" />
                <SequencePoint vc="0" uspid="157" ordinal="135" sl="157" sc="1" el="157" ec="2" bec="0" bev="0" fileid="17" />
                <SequencePoint vc="0" uspid="158" ordinal="136" sl="158" sc="1" el="158" ec="2" bec="0" bev="0" fileid="17" />
                <SequencePoint vc="0" uspid="159" ordinal="137" sl="159" sc="1" el="159" ec="2" bec="0" bev="0" fileid="17" />
                <SequencePoint vc="0" uspid="160" ordinal="138" sl="160" sc="1" el="160" ec="2" bec="0" bev="0" fileid="17" />
                <SequencePoint vc="0" uspid="162" ordinal="139" sl="162" sc="1" el="162" ec="2" bec="0" bev="0" fileid="17" />
                <SequencePoint vc="0" uspid="163" ordinal="140" sl="163" sc="1" el="163" ec="2" bec="0" bev="0" fileid="17" />
                <SequencePoint vc="0" uspid="164" ordinal="141" sl="164" sc="1" el="164" ec="2" bec="0" bev="0" fileid="17" />
                <SequencePoint vc="0" uspid="165" ordinal="142" sl="165" sc="1" el="165" ec="2" bec="0" bev="0" fileid="17" />
                <SequencePoint vc="0" uspid="167" ordinal="143" sl="167" sc="1" el="167" ec="2" bec="0" bev="0" fileid="17" />
                <SequencePoint vc="0" uspid="168" ordinal="144" sl="168" sc="1" el="168" ec="2" bec="0" bev="0" fileid="17" />
                <SequencePoint vc="0" uspid="169" ordinal="145" sl="169" sc="1" el="169" ec="2" bec="0" bev="0" fileid="17" />
                <SequencePoint vc="0" uspid="170" ordinal="146" sl="170" sc="1" el="170" ec="2" bec="0" bev="0" fileid="17" />
                <SequencePoint vc="0" uspid="171" ordinal="147" sl="171" sc="1" el="171" ec="2" bec="0" bev="0" fileid="17" />
                <SequencePoint vc="0" uspid="173" ordinal="148" sl="173" sc="1" el="173" ec="2" bec="0" bev="0" fileid="17" />
                <SequencePoint vc="0" uspid="174" ordinal="149" sl="174" sc="1" el="174" ec="2" bec="0" bev="0" fileid="17" />
                <SequencePoint vc="0" uspid="175" ordinal="150" sl="175" sc="1" el="175" ec="2" bec="0" bev="0" fileid="17" />
                <SequencePoint vc="0" uspid="176" ordinal="151" sl="176" sc="1" el="176" ec="2" bec="0" bev="0" fileid="17" />
                <SequencePoint vc="0" uspid="178" ordinal="152" sl="178" sc="1" el="178" ec="2" bec="0" bev="0" fileid="17" />
                <SequencePoint vc="0" uspid="179" ordinal="153" sl="179" sc="1" el="179" ec="2" bec="0" bev="0" fileid="17" />
                <SequencePoint vc="0" uspid="180" ordinal="154" sl="180" sc="1" el="180" ec="2" bec="0" bev="0" fileid="17" />
                <SequencePoint vc="0" uspid="181" ordinal="155" sl="181" sc="1" el="181" ec="2" bec="0" bev="0" fileid="17" />
                <SequencePoint vc="0" uspid="183" ordinal="156" sl="183" sc="1" el="183" ec="2" bec="0" bev="0" fileid="17" />
                <SequencePoint vc="0" uspid="184" ordinal="157" sl="184" sc="1" el="184" ec="2" bec="0" bev="0" fileid="17" />
                <SequencePoint vc="0" uspid="185" ordinal="158" sl="185" sc="1" el="185" ec="2" bec="0" bev="0" fileid="17" />
                <SequencePoint vc="0" uspid="186" ordinal="159" sl="186" sc="1" el="186" ec="2" bec="0" bev="0" fileid="17" />
                <SequencePoint vc="0" uspid="188" ordinal="160" sl="188" sc="1" el="188" ec="2" bec="0" bev="0" fileid="17" />
                <SequencePoint vc="0" uspid="189" ordinal="161" sl="189" sc="1" el="189" ec="2" bec="0" bev="0" fileid="17" />
                <SequencePoint vc="0" uspid="190" ordinal="162" sl="190" sc="1" el="190" ec="2" bec="0" bev="0" fileid="17" />
                <SequencePoint vc="0" uspid="191" ordinal="163" sl="191" sc="1" el="191" ec="2" bec="0" bev="0" fileid="17" />
                <SequencePoint vc="0" uspid="193" ordinal="164" sl="193" sc="1" el="193" ec="2" bec="0" bev="0" fileid="17" />
                <SequencePoint vc="0" uspid="194" ordinal="165" sl="194" sc="1" el="194" ec="2" bec="0" bev="0" fileid="17" />
                <SequencePoint vc="0" uspid="195" ordinal="166" sl="195" sc="1" el="195" ec="2" bec="0" bev="0" fileid="17" />
                <SequencePoint vc="0" uspid="196" ordinal="167" sl="196" sc="1" el="196" ec="2" bec="0" bev="0" fileid="17" />
                <SequencePoint vc="0" uspid="197" ordinal="168" sl="197" sc="1" el="197" ec="2" bec="0" bev="0" fileid="17" />
                <SequencePoint vc="0" uspid="198" ordinal="169" sl="198" sc="1" el="198" ec="2" bec="0" bev="0" fileid="17" />
              </SequencePoints>
              <BranchPoints />
              <MethodPoint vc="0" uspid="0" p8:type="SequencePoint" ordinal="0" offset="0" sc="0" sl="16" ec="1" el="198" bec="0" bev="0" fileid="17" xmlns:p8="xsi" />
            </Method>
            <Method cyclomaticComplexity="1" nPathComplexity="1" sequenceCoverage="0" branchCoverage="100" isConstructor="False" isGetter="False" isSetter="False" isStatic="True">
[...]
              <FileRef uid="26" />
              <SequencePoints>
                <SequencePoint vc="3" uspid="184" ordinal="0" sl="184" sc="1" el="184" ec="2" bec="0" bev="0" fileid="26" />
                <SequencePoint vc="3" uspid="185" ordinal="1" sl="185" sc="1" el="185" ec="2" bec="2" bev="1" fileid="26" />
                <SequencePoint vc="0" uspid="186" ordinal="2" sl="186" sc="1" el="186" ec="2" bec="0" bev="0" fileid="26" />
                <SequencePoint vc="0" uspid="187" ordinal="3" sl="187" sc="1" el="187" ec="2" bec="0" bev="0" fileid="26" />
                <SequencePoint vc="3" uspid="189" ordinal="4" sl="189" sc="1" el="189" ec="2" bec="0" bev="0" fileid="26" />
                <SequencePoint vc="3" uspid="190" ordinal="5" sl="190" sc="1" el="190" ec="2" bec="0" bev="0" fileid="26" />
              </SequencePoints>
              <BranchPoints>
                <BranchPoint vc="0" uspid="185" ordinal="0" path="0" offset="17" offsetend="19" sl="185" fileid="26" />
                <BranchPoint vc="3" uspid="185" ordinal="1" path="1" offset="17" offsetend="31" sl="185" fileid="26" />
              </BranchPoints>
              <MethodPoint vc="4" uspid="0" p8:type="SequencePoint" ordinal="4" offset="4" sc="0" sl="184" ec="1" el="190" bec="0" bev="0" fileid="26" xmlns:p8="xsi" />
            </Method>
            <Method cyclomaticComplexity="1" nPathComplexity="1" sequenceCoverage="100" branchCoverage="100" isConstructor="True" isGetter="False" isSetter="False" isStatic="True">
              <Summary numSequencePoints="14" visitedSequencePoints="14" numBranchPoints="0" visitedBranchPoints="0" sequenceCoverage="100" branchCoverage="100" maxCyclomaticComplexity="1" minCyclomaticComplexity="1" visitedClasses="0" numClasses="0" visitedMethods="1" numMethods="1" />
              <MetadataToken />
              <Name>System.Void PruebasMetricasProject.Areas.Identity.Pages.Account.RegisterModel::.ctor(Microsoft.AspNetCore.Identity.UserManager`1&lt;PruebasMetricasProject.Models.ApplicationUser&gt;,Microsoft.AspNetCore.Identity.IUserStore`1&lt;PruebasMetricasProject.Models.ApplicationUser&gt;,Microsoft.AspNetCore.Identity.SignInManager`1&lt;PruebasMetricasProject.Models.ApplicationUser&gt;,Microsoft.Extensions.Logging.ILogger`1&lt;PruebasMetricasProject.Areas.Identity.Pages.Account.RegisterModel&gt;,Microsoft.AspNetCore.Identity.UI.Services.IEmailSender)</Name>
              <FileRef uid="26" />
              <SequencePoints>
                <SequencePoint vc="3" uspid="34" ordinal="0" sl="34" sc="1" el="34" ec="2" bec="0" bev="0" fileid="26" />
                <SequencePoint vc="3" uspid="35" ordinal="1" sl="35" sc="1" el="35" ec="2" bec="0" bev="0" fileid="26" />
                <SequencePoint vc="3" uspid="36" ordinal="2" sl="36" sc="1" el="36" ec="2" bec="0" bev="0" fileid="26" />
                <SequencePoint vc="3" uspid="37" ordinal="3" sl="37" sc="1" el="37" ec="2" bec="0" bev="0" fileid="26" />
                <SequencePoint vc="3" uspid="38" ordinal="4" sl="38" sc="1" el="38" ec="2" bec="0" bev="0" fileid="26" />
                <SequencePoint vc="3" uspid="39" ordinal="5" sl="39" sc="1" el="39" ec="2" bec="0" bev="0" fileid="26" />
                <SequencePoint vc="3" uspid="40" ordinal="6" sl="40" sc="1" el="40" ec="2" bec="0" bev="0" fileid="26" />
                <SequencePoint vc="3" uspid="41" ordinal="7" sl="41" sc="1" el="41" ec="2" bec="0" bev="0" fileid="26" />
                <SequencePoint vc="3" uspid="42" ordinal="8" sl="42" sc="1" el="42" ec="2" bec="0" bev="0" fileid="26" />
                <SequencePoint vc="3" uspid="43" ordinal="9" sl="43" sc="1" el="43" ec="2" bec="0" bev="0" fileid="26" />
                <SequencePoint vc="3" uspid="44" ordinal="10" sl="44" sc="1" el="44" ec="2" bec="0" bev="0" fileid="26" />
                <SequencePoint vc="3" uspid="45" ordinal="11" sl="45" sc="1" el="45" ec="2" bec="0" bev="0" fileid="26" />
                <SequencePoint vc="3" uspid="46" ordinal="12" sl="46" sc="1" el="46" ec="2" bec="0" bev="0" fileid="26" />
                <SequencePoint vc="3" uspid="47" ordinal="13" sl="47" sc="1" el="47" ec="2" bec="0" bev="0" fileid="26" />
              </SequencePoints>
              <BranchPoints />
              <MethodPoint vc="14" uspid="0" p8:type="SequencePoint" ordinal="5" offset="5" sc="0" sl="34" ec="1" el="47" bec="0" bev="0" fileid="26" xmlns:p8="xsi" />
            </Method>
          </Methods>
        </Class>
        <Class>
          <Summary numSequencePoints="5" visitedSequencePoints="5" numBranchPoints="0" visitedBranchPoints="0" sequenceCoverage="100" branchCoverage="100" maxCyclomaticComplexity="1" minCyclomaticComplexity="1" visitedClasses="1" numClasses="1" visitedMethods="5" numMethods="5" />
          <FullName>PruebasMetricasProject.Areas.Identity.Pages.Account.RegisterModel/InputModel</FullName>
          <Methods>
            <Method cyclomaticComplexity="1" nPathComplexity="1" sequenceCoverage="100" branchCoverage="100" isConstructor="False" isGetter="True" isSetter="False" isStatic="True">
              <Summary numSequencePoints="1" visitedSequencePoints="1" numBranchPoints="0" visitedBranchPoints="0" sequenceCoverage="100" branchCoverage="100" maxCyclomaticComplexity="1" minCyclomaticComplexity="1" visitedClasses="0" numClasses="0" visitedMethods="1" numMethods="1" />
              <MetadataToken />
              <Name>System.String PruebasMetricasProject.Areas.Identity.Pages.Account.RegisterModel/InputModel::get_Nombre()</Name>
              <FileRef uid="26" />
              <SequencePoints>
                <SequencePoint vc="6" uspid="81" ordinal="0" sl="81" sc="1" el="81" ec="2" bec="0" bev="0" fileid="26" />
              </SequencePoints>
              <BranchPoints />
              <MethodPoint vc="1" uspid="0" p8:type="SequencePoint" ordinal="0" offset="0" sc="0" sl="81" ec="1" el="81" bec="0" bev="0" fileid="26" xmlns:p8="xsi" />
            </Method>
            <Method cyclomaticComplexity="1" nPathComplexity="1" sequenceCoverage="100" branchCoverage="100" isConstructor="False" isGetter="True" isSetter="False" isStatic="True">
              <Summary numSequencePoints="1" visitedSequencePoints="1" numBranchPoints="0" visitedBranchPoints="0" sequenceCoverage="100" branchCoverage="100" maxCyclomaticComplexity="1" minCyclomaticComplexity="1" visitedClasses="0" numClasses="0" visitedMethods="1" numMethods="1" />
              <MetadataToken />
              <Name>System.String PruebasMetricasProject.Areas.Identity.Pages.Account.RegisterModel/InputModel::get_Apellido()</Name>
              <FileRef uid="26" />
              <SequencePoints>
                <SequencePoint vc="6" uspid="83" ordinal="0" sl="83" sc="1" el="83" ec="2" bec="0" bev="0" fileid="26" />
              </SequencePoints>
              <BranchPoints />
              <MethodPoint vc="1" uspid="0" p8:type="SequencePoint" ordinal="1" offset="1" sc="0" sl="83" ec="1" el="83" bec="0" bev="0" fileid="26" xmlns:p8="xsi" />
            </Method>
            <Method cyclomaticComplexity="1" nPathComplexity="1" sequenceCoverage="100" branchCoverage="100" isConstructor="False" isGetter="True" isSetter="False" isStatic="True">
              <Summary numSequencePoints="1" visitedSequencePoints="1" numBranchPoints="0" visitedBranchPoints="0" sequenceCoverage="100" branchCoverage="100" maxCyclomaticComplexity="1" minCyclomaticComplexity="1" visitedClasses="0" numClasses="0" visitedMethods="1" numMethods="1" />
              <MetadataToken />
              <Name>System.String PruebasMetricasProject.Areas.Identity.Pages.Account.RegisterModel/InputModel::get_Email()</Name>
              <FileRef uid="26" />
              <SequencePoints>
                <SequencePoint vc="7" uspid="88" ordinal="0" sl="88" sc="1" el="88" ec="2" bec="0" bev="0" fileid="26" />
              </SequencePoints>
              <BranchPoints />
              <MethodPoint vc="1" uspid="0" p8:type="SequencePoint" ordinal="2" offset="2" sc="0" sl="88" ec="1" el="88" bec="0" bev="0" fileid="26" xmlns:p8="xsi" />
            </Method>
            <Method cyclomaticComplexity="1" nPathComplexity="1" sequenceCoverage="100" branchCoverage="100" isConstructor="False" isGetter="True" isSetter="False" isStatic="True">
              <Summary numSequencePoints="1" visitedSequencePoints="1" numBranchPoints="0" visitedBranchPoints="0" sequenceCoverage="100" branchCoverage="100" maxCyclomaticComplexity="1" minCyclomaticComplexity="1" visitedClasses="0" numClasses="0" visitedMethods="1" numMethods="1" />
              <MetadataToken />
              <Name>System.String PruebasMetricasProject.Areas.Identity.Pages.Account.RegisterModel/InputModel::get_Password()</Name>
              <FileRef uid="26" />
              <SequencePoints>
                <SequencePoint vc="4" uspid="98" ordinal="0" sl="98" sc="1" el="98" ec="2" bec="0" bev="0" fileid="26" />
              </SequencePoints>
              <BranchPoints />
              <MethodPoint vc="1" uspid="0" p8:type="SequencePoint" ordinal="3" offset="3" sc="0" sl="98" ec="1" el="98" bec="0" bev="0" fileid="26" xmlns:p8="xsi" />
            </Method>
            <Method cyclomaticComplexity="1" nPathComplexity="1" sequenceCoverage="100" branchCoverage="100" isConstructor="False" isGetter="True" isSetter="False" isStatic="True">
              <Summary numSequencePoints="1" visitedSequencePoints="1" numBranchPoints="0" visitedBranchPoints="0" sequenceCoverage="100" branchCoverage="100" maxCyclomaticComplexity="1" minCyclomaticComplexity="1" visitedClasses="0" numClasses="0" visitedMethods="1" numMethods="1" />
              <MetadataToken />
              <Name>System.String PruebasMetricasProject.Areas.Identity.Pages.Account.RegisterModel/InputModel::get_ConfirmPassword()</Name>
              <FileRef uid="26" />
              <SequencePoints>
                <SequencePoint vc="2" uspid="107" ordinal="0" sl="107" sc="1" el="107" ec="2" bec="0" bev="0" fileid="26" />
              </SequencePoints>
              <BranchPoints />
              <MethodPoint vc="1" uspid="0" p8:type="SequencePoint" ordinal="4" offset="4" sc="0" sl="107" ec="1" el="107" bec="0" bev="0" fileid="26" xmlns:p8="xsi" />
            </Method>
          </Methods>
        </Class>
        <Class>
          <Summary numSequencePoints="4" visitedSequencePoints="0" numBranchPoints="0" visitedBranchPoints="0" sequenceCoverage="0" branchCoverage="100" maxCyclomaticComplexity="1" minCyclomaticComplexity="1" visitedClasses="0" numClasses="1" visitedMethods="0" numMethods="1" />
          <FullName>PruebasMetricasProject.Areas.Identity.Pages.Account.RegisterModel/&lt;OnGetAsync&gt;d__20</FullName>
          <Methods>
            <Method cyclomaticComplexity="1" nPathComplexity="1" sequenceCoverage="0" branchCoverage="100" isConstructor="False" isGetter="False" isSetter="False" isStatic="True">
              <Summary numSequencePoints="4" visitedSequencePoints="0" numBranchPoints="0" visitedBranchPoints="0" sequenceCoverage="0" branchCoverage="100" maxCyclomaticComplexity="1" minCyclomaticComplexity="1" visitedClasses="0" numClasses="0" visitedMethods="0" numMethods="1" />
              <MetadataToken />
              <Name>System.Void PruebasMetricasProject.Areas.Identity.Pages.Account.RegisterModel/&lt;OnGetAsync&gt;d__20::MoveNext()</Name>
              <FileRef uid="26" />
              <SequencePoints>
                <SequencePoint vc="0" uspid="112" ordinal="0" sl="112" sc="1" el="112" ec="2" bec="0" bev="0" fileid="26" />
                <SequencePoint vc="0" uspid="113" ordinal="1" sl="113" sc="1" el="113" ec="2" bec="0" bev="0" fileid="26" />
                <SequencePoint vc="0" uspid="114" ordinal="2" sl="114" sc="1" el="114" ec="2" bec="0" bev="0" fileid="26" />
                <SequencePoint vc="0" uspid="115" ordinal="3" sl="115" sc="1" el="115" ec="2" bec="0" bev="0" fileid="26" />
              </SequencePoints>
              <BranchPoints />
              <MethodPoint vc="0" uspid="0" p8:type="SequencePoint" ordinal="0" offset="0" sc="0" sl="112" ec="1" el="115" bec="0" bev="0" fileid="26" xmlns:p8="xsi" />
            </Method>
          </Methods>
        </Class>
        <Class>
          <Summary numSequencePoints="38" visitedSequencePoints="36" numBranchPoints="10" visitedBranchPoints="9" sequenceCoverage="94.73" branchCoverage="90" maxCyclomaticComplexity="10" minCyclomaticComplexity="10" visitedClasses="1" numClasses="1" visitedMethods="1" numMethods="1" />
          <FullName>PruebasMetricasProject.Areas.Identity.Pages.Account.RegisterModel/&lt;OnPostAsync&gt;d__21</FullName>
          <Methods>
            <Method cyclomaticComplexity="10" nPathComplexity="10" sequenceCoverage="94.73" branchCoverage="90" isConstructor="False" isGetter="False" isSetter="False" isStatic="True">
              <Summary numSequencePoints="38" visitedSequencePoints="36" numBranchPoints="10" visitedBranchPoints="9" sequenceCoverage="94.73" branchCoverage="90" maxCyclomaticComplexity="10" minCyclomaticComplexity="10" visitedClasses="0" numClasses="0" visitedMethods="1" numMethods="1" />
              <MetadataToken />
              <Name>System.Void PruebasMetricasProject.Areas.Identity.Pages.Account.RegisterModel/&lt;OnPostAsync&gt;d__21::MoveNext()</Name>
              <FileRef uid="26" />
              <SequencePoints>
                <SequencePoint vc="3" uspid="118" ordinal="0" sl="118" sc="1" el="118" ec="2" bec="0" bev="0" fileid="26" />
                <SequencePoint vc="3" uspid="119" ordinal="1" sl="119" sc="1" el="119" ec="2" bec="2" bev="2" fileid="26" />
                <SequencePoint vc="3" uspid="120" ordinal="2" sl="120" sc="1" el="120" ec="2" bec="0" bev="0" fileid="26" />
                <SequencePoint vc="3" uspid="121" ordinal="3" sl="121" sc="1" el="121" ec="2" bec="2" bev="2" fileid="26" />
                <SequencePoint vc="2" uspid="122" ordinal="4" sl="122" sc="1" el="122" ec="2" bec="0" bev="0" fileid="26" />
                <SequencePoint vc="2" uspid="123" ordinal="5" sl="123" sc="1" el="123" ec="2" bec="0" bev="0" fileid="26" />
                <SequencePoint vc="2" uspid="125" ordinal="6" sl="125" sc="1" el="125" ec="2" bec="0" bev="0" fileid="26" />
                <SequencePoint vc="2" uspid="126" ordinal="7" sl="126" sc="1" el="126" ec="2" bec="0" bev="0" fileid="26" />
                <SequencePoint vc="2" uspid="128" ordinal="8" sl="128" sc="1" el="128" ec="2" bec="0" bev="0" fileid="26" />
                <SequencePoint vc="2" uspid="129" ordinal="9" sl="129" sc="1" el="129" ec="2" bec="0" bev="0" fileid="26" />
                <SequencePoint vc="2" uspid="130" ordinal="10" sl="130" sc="1" el="130" ec="2" bec="0" bev="0" fileid="26" />
                <SequencePoint vc="2" uspid="132" ordinal="11" sl="132" sc="1" el="132" ec="2" bec="2" bev="2" fileid="26" />
                <SequencePoint vc="1" uspid="133" ordinal="12" sl="133" sc="1" el="133" ec="2" bec="0" bev="0" fileid="26" />
                <SequencePoint vc="1" uspid="134" ordinal="13" sl="134" sc="1" el="134" ec="2" bec="0" bev="0" fileid="26" />
                <SequencePoint vc="1" uspid="135" ordinal="14" sl="135" sc="1" el="135" ec="2" bec="0" bev="0" fileid="26" />
                <SequencePoint vc="1" uspid="137" ordinal="15" sl="137" sc="1" el="137" ec="2" bec="0" bev="0" fileid="26" />
                <SequencePoint vc="1" uspid="138" ordinal="16" sl="138" sc="1" el="138" ec="2" bec="0" bev="0" fileid="26" />
                <SequencePoint vc="1" uspid="139" ordinal="17" sl="139" sc="1" el="139" ec="2" bec="0" bev="0" fileid="26" />
                <SequencePoint vc="1" uspid="140" ordinal="18" sl="140" sc="1" el="140" ec="2" bec="0" bev="0" fileid="26" />
                <SequencePoint vc="1" uspid="141" ordinal="19" sl="141" sc="1" el="141" ec="2" bec="0" bev="0" fileid="26" />
                <SequencePoint vc="1" uspid="142" ordinal="20" sl="142" sc="1" el="142" ec="2" bec="0" bev="0" fileid="26" />
                <SequencePoint vc="1" uspid="143" ordinal="21" sl="143" sc="1" el="143" ec="2" bec="0" bev="0" fileid="26" />
                <SequencePoint vc="1" uspid="144" ordinal="22" sl="144" sc="1" el="144" ec="2" bec="0" bev="0" fileid="26" />
                <SequencePoint vc="1" uspid="146" ordinal="23" sl="146" sc="1" el="146" ec="2" bec="0" bev="0" fileid="26" />
                <SequencePoint vc="1" uspid="147" ordinal="24" sl="147" sc="1" el="147" ec="2" bec="0" bev="0" fileid="26" />
                <SequencePoint vc="1" uspid="149" ordinal="25" sl="149" sc="1" el="149" ec="2" bec="2" bev="1" fileid="26" />
                <SequencePoint vc="0" uspid="150" ordinal="26" sl="150" sc="1" el="150" ec="2" bec="0" bev="0" fileid="26" />
                <SequencePoint vc="0" uspid="151" ordinal="27" sl="151" sc="1" el="151" ec="2" bec="0" bev="0" fileid="26" />
                <SequencePoint vc="1" uspid="154" ordinal="28" sl="154" sc="1" el="154" ec="2" bec="0" bev="0" fileid="26" />
                <SequencePoint vc="1" uspid="155" ordinal="29" sl="155" sc="1" el="155" ec="2" bec="0" bev="0" fileid="26" />
                <SequencePoint vc="1" uspid="156" ordinal="30" sl="156" sc="1" el="156" ec="2" bec="0" bev="0" fileid="26" />
                <SequencePoint vc="5" uspid="159" ordinal="31" sl="159" sc="1" el="159" ec="2" bec="2" bev="2" fileid="26" />
                <SequencePoint vc="1" uspid="160" ordinal="32" sl="160" sc="1" el="160" ec="2" bec="0" bev="0" fileid="26" />
                <SequencePoint vc="1" uspid="161" ordinal="33" sl="161" sc="1" el="161" ec="2" bec="0" bev="0" fileid="26" />
                <SequencePoint vc="1" uspid="162" ordinal="34" sl="162" sc="1" el="162" ec="2" bec="0" bev="0" fileid="26" />
                <SequencePoint vc="1" uspid="163" ordinal="35" sl="163" sc="1" el="163" ec="2" bec="0" bev="0" fileid="26" />
                <SequencePoint vc="2" uspid="166" ordinal="36" sl="166" sc="1" el="166" ec="2" bec="0" bev="0" fileid="26" />
                <SequencePoint vc="3" uspid="167" ordinal="37" sl="167" sc="1" el="167" ec="2" bec="0" bev="0" fileid="26" />
              </SequencePoints>
              <BranchPoints>
                <BranchPoint vc="3" uspid="119" ordinal="0" path="0" offset="94" offsetend="96" sl="119" fileid="26" />
                <BranchPoint vc="3" uspid="119" ordinal="1" path="1" offset="94" offsetend="123" sl="119" fileid="26" />
                <BranchPoint vc="2" uspid="121" ordinal="2" path="0" offset="284" offsetend="289" sl="121" fileid="26" />
                <BranchPoint vc="1" uspid="132" ordinal="4" path="0" offset="799" offsetend="804" sl="132" fileid="26" />
                <BranchPoint vc="0" uspid="149" ordinal="6" path="0" offset="1427" offsetend="1429" sl="149" fileid="26" />
                <BranchPoint vc="1" uspid="149" ordinal="7" path="1" offset="1427" offsetend="1479" sl="149" fileid="26" />
                <BranchPoint vc="1" uspid="132" ordinal="5" path="1" offset="799" offsetend="1620" sl="132" fileid="26" />
                <BranchPoint vc="1" uspid="159" ordinal="9" path="1" offset="1715" offsetend="1645" sl="159" fileid="26" />
                <BranchPoint vc="1" uspid="159" ordinal="8" path="0" offset="1715" offsetend="1717" sl="159" fileid="26" />
                <BranchPoint vc="2" uspid="121" ordinal="3" path="1" offset="284" offsetend="1766" sl="121" fileid="26" />
              </BranchPoints>
              <MethodPoint vc="36" uspid="0" p8:type="SequencePoint" ordinal="0" offset="0" sc="0" sl="118" ec="1" el="167" bec="0" bev="0" fileid="26" xmlns:p8="xsi" />
            </Method>
          </Methods>
        </Class>
      </Classes>
    </Module>
  </Modules>
</CoverageSession>